{"/Users/raytiong/projects/glade/src/components/CommandPalette.css": {"path":"/Users/raytiong/projects/glade/src/components/CommandPalette.css","statementMap":{},"fnMap":{},"branchMap":{},"s":{},"f":{},"b":{},"meta":{"lastBranch":0,"lastFunction":0,"lastStatement":0,"seen":{}}}
,"/Users/raytiong/projects/glade/src/components/CommandPalette.tsx": {"path":"/Users/raytiong/projects/glade/src/components/CommandPalette.tsx","statementMap":{"0":{"start":{"line":17,"column":21},"end":{"line":24,"column":null}},"1":{"start":{"line":18,"column":2},"end":{"line":23,"column":null}},"2":{"start":{"line":26,"column":54},"end":{"line":186,"column":null}},"3":{"start":{"line":35,"column":24},"end":{"line":35,"column":null}},"4":{"start":{"line":36,"column":22},"end":{"line":36,"column":null}},"5":{"start":{"line":37,"column":40},"end":{"line":37,"column":null}},"6":{"start":{"line":38,"column":8},"end":{"line":38,"column":null}},"7":{"start":{"line":40,"column":2},"end":{"line":47,"column":null}},"8":{"start":{"line":41,"column":4},"end":{"line":46,"column":null}},"9":{"start":{"line":42,"column":6},"end":{"line":42,"column":null}},"10":{"start":{"line":43,"column":6},"end":{"line":43,"column":null}},"11":{"start":{"line":44,"column":6},"end":{"line":44,"column":null}},"12":{"start":{"line":45,"column":6},"end":{"line":45,"column":null}},"13":{"start":{"line":45,"column":23},"end":{"line":45,"column":50}},"14":{"start":{"line":50,"column":23},"end":{"line":50,"column":null}},"15":{"start":{"line":51,"column":19},"end":{"line":51,"column":null}},"16":{"start":{"line":52,"column":20},"end":{"line":52,"column":null}},"17":{"start":{"line":54,"column":2},"end":{"line":57,"column":null}},"18":{"start":{"line":55,"column":4},"end":{"line":55,"column":null}},"19":{"start":{"line":56,"column":4},"end":{"line":56,"column":null}},"20":{"start":{"line":59,"column":24},"end":{"line":61,"column":null}},"21":{"start":{"line":60,"column":24},"end":{"line":60,"column":80}},"22":{"start":{"line":63,"column":27},"end":{"line":65,"column":null}},"23":{"start":{"line":64,"column":27},"end":{"line":64,"column":83}},"24":{"start":{"line":67,"column":20},"end":{"line":67,"column":null}},"25":{"start":{"line":69,"column":24},"end":{"line":102,"column":null}},"26":{"start":{"line":70,"column":4},"end":{"line":101,"column":null}},"27":{"start":{"line":71,"column":6},"end":{"line":71,"column":null}},"28":{"start":{"line":72,"column":4},"end":{"line":101,"column":null}},"29":{"start":{"line":73,"column":6},"end":{"line":73,"column":null}},"30":{"start":{"line":74,"column":6},"end":{"line":74,"column":null}},"31":{"start":{"line":74,"column":31},"end":{"line":74,"column":64}},"32":{"start":{"line":75,"column":4},"end":{"line":101,"column":null}},"33":{"start":{"line":76,"column":6},"end":{"line":76,"column":null}},"34":{"start":{"line":77,"column":6},"end":{"line":77,"column":null}},"35":{"start":{"line":77,"column":31},"end":{"line":77,"column":52}},"36":{"start":{"line":78,"column":4},"end":{"line":101,"column":null}},"37":{"start":{"line":79,"column":6},"end":{"line":79,"column":null}},"38":{"start":{"line":80,"column":6},"end":{"line":95,"column":null}},"39":{"start":{"line":81,"column":8},"end":{"line":81,"column":null}},"40":{"start":{"line":82,"column":8},"end":{"line":82,"column":null}},"41":{"start":{"line":83,"column":6},"end":{"line":95,"column":null}},"42":{"start":{"line":84,"column":20},"end":{"line":84,"column":null}},"43":{"start":{"line":85,"column":8},"end":{"line":94,"column":null}},"44":{"start":{"line":88,"column":10},"end":{"line":88,"column":null}},"45":{"start":{"line":89,"column":10},"end":{"line":89,"column":null}},"46":{"start":{"line":92,"column":10},"end":{"line":92,"column":null}},"47":{"start":{"line":93,"column":10},"end":{"line":93,"column":null}},"48":{"start":{"line":96,"column":4},"end":{"line":101,"column":null}},"49":{"start":{"line":98,"column":6},"end":{"line":100,"column":null}},"50":{"start":{"line":99,"column":8},"end":{"line":99,"column":null}},"51":{"start":{"line":104,"column":29},"end":{"line":108,"column":null}},"52":{"start":{"line":105,"column":4},"end":{"line":107,"column":null}},"53":{"start":{"line":106,"column":6},"end":{"line":106,"column":null}},"54":{"start":{"line":110,"column":2},"end":{"line":110,"column":null}},"55":{"start":{"line":110,"column":15},"end":{"line":110,"column":null}},"56":{"start":{"line":112,"column":2},"end":{"line":184,"column":null}},"57":{"start":{"line":127,"column":14},"end":{"line":127,"column":null}},"58":{"start":{"line":128,"column":14},"end":{"line":128,"column":null}},"59":{"start":{"line":137,"column":16},"end":{"line":148,"column":null}},"60":{"start":{"line":141,"column":20},"end":{"line":141,"column":null}},"61":{"start":{"line":142,"column":20},"end":{"line":142,"column":null}},"62":{"start":{"line":144,"column":38},"end":{"line":144,"column":null}},"63":{"start":{"line":159,"column":36},"end":{"line":159,"column":null}},"64":{"start":{"line":159,"column":74},"end":{"line":159,"column":86}},"65":{"start":{"line":160,"column":34},"end":{"line":160,"column":null}},"66":{"start":{"line":162,"column":16},"end":{"line":175,"column":null}},"67":{"start":{"line":167,"column":22},"end":{"line":167,"column":null}},"68":{"start":{"line":168,"column":22},"end":{"line":168,"column":null}},"69":{"start":{"line":170,"column":40},"end":{"line":170,"column":null}}},"fnMap":{"0":{"name":"(anonymous_0)","decl":{"start":{"line":17,"column":21},"end":{"line":17,"column":22}},"loc":{"start":{"line":17,"column":41},"end":{"line":24,"column":null}},"line":17},"1":{"name":"(anonymous_1)","decl":{"start":{"line":26,"column":54},"end":{"line":26,"column":55}},"loc":{"start":{"line":34,"column":6},"end":{"line":186,"column":null}},"line":34},"2":{"name":"(anonymous_2)","decl":{"start":{"line":40,"column":12},"end":{"line":40,"column":18}},"loc":{"start":{"line":40,"column":18},"end":{"line":47,"column":5}},"line":40},"3":{"name":"(anonymous_3)","decl":{"start":{"line":45,"column":17},"end":{"line":45,"column":23}},"loc":{"start":{"line":45,"column":23},"end":{"line":45,"column":50}},"line":45},"4":{"name":"(anonymous_4)","decl":{"start":{"line":60,"column":19},"end":{"line":60,"column":24}},"loc":{"start":{"line":60,"column":24},"end":{"line":60,"column":80}},"line":60},"5":{"name":"(anonymous_5)","decl":{"start":{"line":64,"column":22},"end":{"line":64,"column":27}},"loc":{"start":{"line":64,"column":27},"end":{"line":64,"column":83}},"line":64},"6":{"name":"(anonymous_6)","decl":{"start":{"line":69,"column":24},"end":{"line":69,"column":25}},"loc":{"start":{"line":69,"column":52},"end":{"line":102,"column":null}},"line":69},"7":{"name":"(anonymous_7)","decl":{"start":{"line":74,"column":23},"end":{"line":74,"column":31}},"loc":{"start":{"line":74,"column":31},"end":{"line":74,"column":64}},"line":74},"8":{"name":"(anonymous_8)","decl":{"start":{"line":77,"column":23},"end":{"line":77,"column":31}},"loc":{"start":{"line":77,"column":31},"end":{"line":77,"column":52}},"line":77},"9":{"name":"(anonymous_9)","decl":{"start":{"line":104,"column":29},"end":{"line":104,"column":30}},"loc":{"start":{"line":104,"column":54},"end":{"line":108,"column":null}},"line":104},"10":{"name":"(anonymous_10)","decl":{"start":{"line":126,"column":22},"end":{"line":126,"column":23}},"loc":{"start":{"line":126,"column":29},"end":{"line":129,"column":null}},"line":126},"11":{"name":"(anonymous_11)","decl":{"start":{"line":136,"column":32},"end":{"line":136,"column":33}},"loc":{"start":{"line":137,"column":16},"end":{"line":148,"column":null}},"line":137},"12":{"name":"(anonymous_12)","decl":{"start":{"line":140,"column":27},"end":{"line":140,"column":33}},"loc":{"start":{"line":140,"column":33},"end":{"line":143,"column":null}},"line":140},"13":{"name":"(anonymous_13)","decl":{"start":{"line":144,"column":32},"end":{"line":144,"column":38}},"loc":{"start":{"line":144,"column":38},"end":{"line":144,"column":null}},"line":144},"14":{"name":"(anonymous_14)","decl":{"start":{"line":157,"column":35},"end":{"line":157,"column":36}},"loc":{"start":{"line":157,"column":51},"end":{"line":177,"column":15}},"line":157},"15":{"name":"(anonymous_15)","decl":{"start":{"line":159,"column":65},"end":{"line":159,"column":66}},"loc":{"start":{"line":159,"column":74},"end":{"line":159,"column":86}},"line":159},"16":{"name":"(anonymous_16)","decl":{"start":{"line":166,"column":29},"end":{"line":166,"column":35}},"loc":{"start":{"line":166,"column":35},"end":{"line":169,"column":null}},"line":166},"17":{"name":"(anonymous_17)","decl":{"start":{"line":170,"column":34},"end":{"line":170,"column":40}},"loc":{"start":{"line":170,"column":40},"end":{"line":170,"column":null}},"line":170}},"branchMap":{"0":{"loc":{"start":{"line":41,"column":4},"end":{"line":46,"column":null}},"type":"if","locations":[{"start":{"line":41,"column":4},"end":{"line":46,"column":null}},{"start":{},"end":{}}],"line":41},"1":{"loc":{"start":{"line":54,"column":2},"end":{"line":57,"column":null}},"type":"if","locations":[{"start":{"line":54,"column":2},"end":{"line":57,"column":null}},{"start":{},"end":{}}],"line":54},"2":{"loc":{"start":{"line":59,"column":24},"end":{"line":61,"column":null}},"type":"cond-expr","locations":[{"start":{"line":60,"column":6},"end":{"line":60,"column":null}},{"start":{"line":61,"column":6},"end":{"line":61,"column":null}}],"line":59},"3":{"loc":{"start":{"line":63,"column":27},"end":{"line":65,"column":null}},"type":"cond-expr","locations":[{"start":{"line":64,"column":6},"end":{"line":64,"column":null}},{"start":{"line":65,"column":6},"end":{"line":65,"column":null}}],"line":63},"4":{"loc":{"start":{"line":67,"column":20},"end":{"line":67,"column":null}},"type":"cond-expr","locations":[{"start":{"line":67,"column":45},"end":{"line":67,"column":68}},{"start":{"line":67,"column":68},"end":{"line":67,"column":null}}],"line":67},"5":{"loc":{"start":{"line":70,"column":4},"end":{"line":101,"column":null}},"type":"if","locations":[{"start":{"line":70,"column":4},"end":{"line":101,"column":null}},{"start":{"line":72,"column":4},"end":{"line":101,"column":null}}],"line":70},"6":{"loc":{"start":{"line":72,"column":4},"end":{"line":101,"column":null}},"type":"if","locations":[{"start":{"line":72,"column":4},"end":{"line":101,"column":null}},{"start":{"line":75,"column":4},"end":{"line":101,"column":null}}],"line":72},"7":{"loc":{"start":{"line":75,"column":4},"end":{"line":101,"column":null}},"type":"if","locations":[{"start":{"line":75,"column":4},"end":{"line":101,"column":null}},{"start":{"line":78,"column":4},"end":{"line":101,"column":null}}],"line":75},"8":{"loc":{"start":{"line":78,"column":4},"end":{"line":101,"column":null}},"type":"if","locations":[{"start":{"line":78,"column":4},"end":{"line":101,"column":null}},{"start":{"line":96,"column":4},"end":{"line":101,"column":null}}],"line":78},"9":{"loc":{"start":{"line":80,"column":6},"end":{"line":95,"column":null}},"type":"if","locations":[{"start":{"line":80,"column":6},"end":{"line":95,"column":null}},{"start":{"line":83,"column":6},"end":{"line":95,"column":null}}],"line":80},"10":{"loc":{"start":{"line":80,"column":10},"end":{"line":80,"column":66}},"type":"binary-expr","locations":[{"start":{"line":80,"column":10},"end":{"line":80,"column":36}},{"start":{"line":80,"column":36},"end":{"line":80,"column":66}}],"line":80},"11":{"loc":{"start":{"line":83,"column":6},"end":{"line":95,"column":null}},"type":"if","locations":[{"start":{"line":83,"column":6},"end":{"line":95,"column":null}},{"start":{},"end":{}}],"line":83},"12":{"loc":{"start":{"line":83,"column":17},"end":{"line":83,"column":79}},"type":"binary-expr","locations":[{"start":{"line":83,"column":17},"end":{"line":83,"column":46}},{"start":{"line":83,"column":46},"end":{"line":83,"column":79}}],"line":83},"13":{"loc":{"start":{"line":85,"column":8},"end":{"line":94,"column":null}},"type":"if","locations":[{"start":{"line":85,"column":8},"end":{"line":94,"column":null}},{"start":{"line":90,"column":15},"end":{"line":94,"column":null}}],"line":85},"14":{"loc":{"start":{"line":96,"column":4},"end":{"line":101,"column":null}},"type":"if","locations":[{"start":{"line":96,"column":4},"end":{"line":101,"column":null}},{"start":{},"end":{}}],"line":96},"15":{"loc":{"start":{"line":96,"column":15},"end":{"line":96,"column":54}},"type":"binary-expr","locations":[{"start":{"line":96,"column":15},"end":{"line":96,"column":40}},{"start":{"line":96,"column":40},"end":{"line":96,"column":54}}],"line":96},"16":{"loc":{"start":{"line":98,"column":6},"end":{"line":100,"column":null}},"type":"if","locations":[{"start":{"line":98,"column":6},"end":{"line":100,"column":null}},{"start":{},"end":{}}],"line":98},"17":{"loc":{"start":{"line":105,"column":4},"end":{"line":107,"column":null}},"type":"if","locations":[{"start":{"line":105,"column":4},"end":{"line":107,"column":null}},{"start":{},"end":{}}],"line":105},"18":{"loc":{"start":{"line":110,"column":2},"end":{"line":110,"column":null}},"type":"if","locations":[{"start":{"line":110,"column":2},"end":{"line":110,"column":null}},{"start":{},"end":{}}],"line":110},"19":{"loc":{"start":{"line":116,"column":11},"end":{"line":119,"column":null}},"type":"cond-expr","locations":[{"start":{"line":117,"column":12},"end":{"line":117,"column":null}},{"start":{"line":119,"column":12},"end":{"line":119,"column":null}}],"line":116},"20":{"loc":{"start":{"line":124,"column":25},"end":{"line":124,"column":null}},"type":"cond-expr","locations":[{"start":{"line":124,"column":53},"end":{"line":124,"column":75}},{"start":{"line":124,"column":75},"end":{"line":124,"column":null}}],"line":124},"21":{"loc":{"start":{"line":134,"column":11},"end":{"line":151,"column":null}},"type":"binary-expr","locations":[{"start":{"line":134,"column":11},"end":{"line":134,"column":null}},{"start":{"line":135,"column":12},"end":{"line":151,"column":null}}],"line":134},"22":{"loc":{"start":{"line":135,"column":12},"end":{"line":151,"column":null}},"type":"cond-expr","locations":[{"start":{"line":136,"column":14},"end":{"line":149,"column":null}},{"start":{"line":151,"column":14},"end":{"line":151,"column":null}}],"line":135},"23":{"loc":{"start":{"line":139,"column":45},"end":{"line":139,"column":86}},"type":"cond-expr","locations":[{"start":{"line":139,"column":71},"end":{"line":139,"column":84}},{"start":{"line":139,"column":84},"end":{"line":139,"column":86}}],"line":139},"24":{"loc":{"start":{"line":155,"column":11},"end":{"line":179,"column":null}},"type":"binary-expr","locations":[{"start":{"line":155,"column":11},"end":{"line":155,"column":null}},{"start":{"line":156,"column":12},"end":{"line":179,"column":null}}],"line":155},"25":{"loc":{"start":{"line":156,"column":12},"end":{"line":179,"column":null}},"type":"cond-expr","locations":[{"start":{"line":157,"column":14},"end":{"line":177,"column":null}},{"start":{"line":179,"column":14},"end":{"line":179,"column":null}}],"line":156},"26":{"loc":{"start":{"line":160,"column":34},"end":{"line":160,"column":null}},"type":"cond-expr","locations":[{"start":{"line":160,"column":48},"end":{"line":160,"column":65}},{"start":{"line":160,"column":65},"end":{"line":160,"column":null}}],"line":160},"27":{"loc":{"start":{"line":165,"column":47},"end":{"line":165,"column":88}},"type":"cond-expr","locations":[{"start":{"line":165,"column":73},"end":{"line":165,"column":86}},{"start":{"line":165,"column":86},"end":{"line":165,"column":88}}],"line":165},"28":{"loc":{"start":{"line":174,"column":21},"end":{"line":174,"column":null}},"type":"binary-expr","locations":[{"start":{"line":174,"column":21},"end":{"line":174,"column":34}},{"start":{"line":174,"column":34},"end":{"line":174,"column":null}}],"line":174}},"s":{"0":1,"1":6,"2":1,"3":16,"4":16,"5":16,"6":16,"7":16,"8":7,"9":7,"10":7,"11":7,"12":7,"13":3,"14":16,"15":16,"16":16,"17":16,"18":2,"19":2,"20":16,"21":20,"22":16,"23":12,"24":16,"25":16,"26":7,"27":1,"28":6,"29":2,"30":2,"31":2,"32":4,"33":1,"34":1,"35":1,"36":3,"37":2,"38":2,"39":1,"40":1,"41":1,"42":1,"43":1,"44":1,"45":1,"46":0,"47":0,"48":1,"49":1,"50":1,"51":16,"52":1,"53":1,"54":16,"55":0,"56":16,"57":1,"58":1,"59":20,"60":0,"61":0,"62":0,"63":12,"64":12,"65":12,"66":12,"67":0,"68":0,"69":0},"f":{"0":6,"1":16,"2":7,"3":3,"4":20,"5":12,"6":7,"7":2,"8":1,"9":1,"10":1,"11":20,"12":0,"13":0,"14":12,"15":12,"16":0,"17":0},"b":{"0":[7,0],"1":[2,14],"2":[10,6],"3":[6,10],"4":[10,6],"5":[1,6],"6":[2,4],"7":[1,3],"8":[2,1],"9":[1,1],"10":[2,1],"11":[1,0],"12":[1,1],"13":[1,0],"14":[1,0],"15":[1,1],"16":[1,0],"17":[1,0],"18":[0,16],"19":[6,10],"20":[6,10],"21":[16,10],"22":[10,0],"23":[10,10],"24":[16,6],"25":[6,0],"26":[6,6],"27":[6,6],"28":[12,6]},"meta":{"lastBranch":29,"lastFunction":18,"lastStatement":70,"seen":{"s:17:21:24:Infinity":0,"f:17:21:17:22":0,"s:18:2:23:Infinity":1,"s:26:54:186:Infinity":2,"f:26:54:26:55":1,"s:35:24:35:Infinity":3,"s:36:22:36:Infinity":4,"s:37:40:37:Infinity":5,"s:38:8:38:Infinity":6,"s:40:2:47:Infinity":7,"f:40:12:40:18":2,"b:41:4:46:Infinity:undefined:undefined:undefined:undefined":0,"s:41:4:46:Infinity":8,"s:42:6:42:Infinity":9,"s:43:6:43:Infinity":10,"s:44:6:44:Infinity":11,"s:45:6:45:Infinity":12,"f:45:17:45:23":3,"s:45:23:45:50":13,"s:50:23:50:Infinity":14,"s:51:19:51:Infinity":15,"s:52:20:52:Infinity":16,"b:54:2:57:Infinity:undefined:undefined:undefined:undefined":1,"s:54:2:57:Infinity":17,"s:55:4:55:Infinity":18,"s:56:4:56:Infinity":19,"s:59:24:61:Infinity":20,"b:60:6:60:Infinity:61:6:61:Infinity":2,"f:60:19:60:24":4,"s:60:24:60:80":21,"s:63:27:65:Infinity":22,"b:64:6:64:Infinity:65:6:65:Infinity":3,"f:64:22:64:27":5,"s:64:27:64:83":23,"s:67:20:67:Infinity":24,"b:67:45:67:68:67:68:67:Infinity":4,"s:69:24:102:Infinity":25,"f:69:24:69:25":6,"b:70:4:101:Infinity:72:4:101:Infinity":5,"s:70:4:101:Infinity":26,"s:71:6:71:Infinity":27,"b:72:4:101:Infinity:75:4:101:Infinity":6,"s:72:4:101:Infinity":28,"s:73:6:73:Infinity":29,"s:74:6:74:Infinity":30,"f:74:23:74:31":7,"s:74:31:74:64":31,"b:75:4:101:Infinity:78:4:101:Infinity":7,"s:75:4:101:Infinity":32,"s:76:6:76:Infinity":33,"s:77:6:77:Infinity":34,"f:77:23:77:31":8,"s:77:31:77:52":35,"b:78:4:101:Infinity:96:4:101:Infinity":8,"s:78:4:101:Infinity":36,"s:79:6:79:Infinity":37,"b:80:6:95:Infinity:83:6:95:Infinity":9,"s:80:6:95:Infinity":38,"b:80:10:80:36:80:36:80:66":10,"s:81:8:81:Infinity":39,"s:82:8:82:Infinity":40,"b:83:6:95:Infinity:undefined:undefined:undefined:undefined":11,"s:83:6:95:Infinity":41,"b:83:17:83:46:83:46:83:79":12,"s:84:20:84:Infinity":42,"b:85:8:94:Infinity:90:15:94:Infinity":13,"s:85:8:94:Infinity":43,"s:88:10:88:Infinity":44,"s:89:10:89:Infinity":45,"s:92:10:92:Infinity":46,"s:93:10:93:Infinity":47,"b:96:4:101:Infinity:undefined:undefined:undefined:undefined":14,"s:96:4:101:Infinity":48,"b:96:15:96:40:96:40:96:54":15,"b:98:6:100:Infinity:undefined:undefined:undefined:undefined":16,"s:98:6:100:Infinity":49,"s:99:8:99:Infinity":50,"s:104:29:108:Infinity":51,"f:104:29:104:30":9,"b:105:4:107:Infinity:undefined:undefined:undefined:undefined":17,"s:105:4:107:Infinity":52,"s:106:6:106:Infinity":53,"b:110:2:110:Infinity:undefined:undefined:undefined:undefined":18,"s:110:2:110:Infinity":54,"s:110:15:110:Infinity":55,"s:112:2:184:Infinity":56,"b:117:12:117:Infinity:119:12:119:Infinity":19,"b:124:53:124:75:124:75:124:Infinity":20,"f:126:22:126:23":10,"s:127:14:127:Infinity":57,"s:128:14:128:Infinity":58,"b:134:11:134:Infinity:135:12:151:Infinity":21,"b:136:14:149:Infinity:151:14:151:Infinity":22,"f:136:32:136:33":11,"s:137:16:148:Infinity":59,"b:139:71:139:84:139:84:139:86":23,"f:140:27:140:33":12,"s:141:20:141:Infinity":60,"s:142:20:142:Infinity":61,"f:144:32:144:38":13,"s:144:38:144:Infinity":62,"b:155:11:155:Infinity:156:12:179:Infinity":24,"b:157:14:177:Infinity:179:14:179:Infinity":25,"f:157:35:157:36":14,"s:159:36:159:Infinity":63,"f:159:65:159:66":15,"s:159:74:159:86":64,"s:160:34:160:Infinity":65,"b:160:48:160:65:160:65:160:Infinity":26,"s:162:16:175:Infinity":66,"b:165:73:165:86:165:86:165:88":27,"f:166:29:166:35":16,"s:167:22:167:Infinity":67,"s:168:22:168:Infinity":68,"f:170:34:170:40":17,"s:170:40:170:Infinity":69,"b:174:21:174:34:174:34:174:Infinity":28}}}
,"/Users/raytiong/projects/glade/src/utils/fs.ts": {"path":"/Users/raytiong/projects/glade/src/utils/fs.ts","statementMap":{"0":{"start":{"line":11,"column":2},"end":{"line":49,"column":null}},"1":{"start":{"line":12,"column":20},"end":{"line":12,"column":null}},"2":{"start":{"line":13,"column":4},"end":{"line":13,"column":null}},"3":{"start":{"line":14,"column":30},"end":{"line":14,"column":null}},"4":{"start":{"line":16,"column":4},"end":{"line":38,"column":null}},"5":{"start":{"line":17,"column":6},"end":{"line":19,"column":null}},"6":{"start":{"line":18,"column":8},"end":{"line":18,"column":null}},"7":{"start":{"line":21,"column":23},"end":{"line":21,"column":null}},"8":{"start":{"line":23,"column":6},"end":{"line":37,"column":null}},"9":{"start":{"line":24,"column":25},"end":{"line":24,"column":null}},"10":{"start":{"line":25,"column":8},"end":{"line":30,"column":null}},"11":{"start":{"line":29,"column":44},"end":{"line":29,"column":72}},"12":{"start":{"line":31,"column":6},"end":{"line":37,"column":null}},"13":{"start":{"line":32,"column":8},"end":{"line":36,"column":null}},"14":{"start":{"line":40,"column":4},"end":{"line":44,"column":null}},"15":{"start":{"line":41,"column":6},"end":{"line":41,"column":null}},"16":{"start":{"line":41,"column":43},"end":{"line":41,"column":null}},"17":{"start":{"line":42,"column":6},"end":{"line":42,"column":null}},"18":{"start":{"line":42,"column":43},"end":{"line":42,"column":null}},"19":{"start":{"line":43,"column":6},"end":{"line":43,"column":null}},"20":{"start":{"line":47,"column":4},"end":{"line":47,"column":null}},"21":{"start":{"line":48,"column":4},"end":{"line":48,"column":null}},"22":{"start":{"line":53,"column":27},"end":{"line":53,"column":null}},"23":{"start":{"line":54,"column":2},"end":{"line":60,"column":null}},"24":{"start":{"line":55,"column":4},"end":{"line":59,"column":null}},"25":{"start":{"line":56,"column":6},"end":{"line":56,"column":null}},"26":{"start":{"line":57,"column":4},"end":{"line":59,"column":null}},"27":{"start":{"line":58,"column":6},"end":{"line":58,"column":null}},"28":{"start":{"line":61,"column":2},"end":{"line":61,"column":null}}},"fnMap":{"0":{"name":"readVaultRecursive","decl":{"start":{"line":10,"column":22},"end":{"line":10,"column":41}},"loc":{"start":{"line":10,"column":79},"end":{"line":50,"column":null}},"line":10},"1":{"name":"(anonymous_1)","decl":{"start":{"line":29,"column":34},"end":{"line":29,"column":35}},"loc":{"start":{"line":29,"column":44},"end":{"line":29,"column":72}},"line":29},"2":{"name":"(anonymous_2)","decl":{"start":{"line":40,"column":22},"end":{"line":40,"column":23}},"loc":{"start":{"line":40,"column":32},"end":{"line":44,"column":5}},"line":40},"3":{"name":"flattenFiles","decl":{"start":{"line":52,"column":16},"end":{"line":52,"column":29}},"loc":{"start":{"line":52,"column":60},"end":{"line":62,"column":null}},"line":52}},"branchMap":{"0":{"loc":{"start":{"line":17,"column":6},"end":{"line":19,"column":null}},"type":"if","locations":[{"start":{"line":17,"column":6},"end":{"line":19,"column":null}},{"start":{},"end":{}}],"line":17},"1":{"loc":{"start":{"line":17,"column":10},"end":{"line":17,"column":52}},"type":"binary-expr","locations":[{"start":{"line":17,"column":10},"end":{"line":17,"column":24}},{"start":{"line":17,"column":24},"end":{"line":17,"column":52}}],"line":17},"2":{"loc":{"start":{"line":23,"column":6},"end":{"line":37,"column":null}},"type":"if","locations":[{"start":{"line":23,"column":6},"end":{"line":37,"column":null}},{"start":{"line":31,"column":6},"end":{"line":37,"column":null}}],"line":23},"3":{"loc":{"start":{"line":26,"column":16},"end":{"line":26,"column":null}},"type":"binary-expr","locations":[{"start":{"line":26,"column":16},"end":{"line":26,"column":30}},{"start":{"line":26,"column":30},"end":{"line":26,"column":null}}],"line":26},"4":{"loc":{"start":{"line":31,"column":6},"end":{"line":37,"column":null}},"type":"if","locations":[{"start":{"line":31,"column":6},"end":{"line":37,"column":null}},{"start":{},"end":{}}],"line":31},"5":{"loc":{"start":{"line":31,"column":17},"end":{"line":31,"column":62}},"type":"binary-expr","locations":[{"start":{"line":31,"column":17},"end":{"line":31,"column":33}},{"start":{"line":31,"column":33},"end":{"line":31,"column":62}}],"line":31},"6":{"loc":{"start":{"line":41,"column":6},"end":{"line":41,"column":null}},"type":"if","locations":[{"start":{"line":41,"column":6},"end":{"line":41,"column":null}},{"start":{},"end":{}}],"line":41},"7":{"loc":{"start":{"line":41,"column":10},"end":{"line":41,"column":43}},"type":"binary-expr","locations":[{"start":{"line":41,"column":10},"end":{"line":41,"column":27}},{"start":{"line":41,"column":27},"end":{"line":41,"column":43}}],"line":41},"8":{"loc":{"start":{"line":42,"column":6},"end":{"line":42,"column":null}},"type":"if","locations":[{"start":{"line":42,"column":6},"end":{"line":42,"column":null}},{"start":{},"end":{}}],"line":42},"9":{"loc":{"start":{"line":42,"column":10},"end":{"line":42,"column":43}},"type":"binary-expr","locations":[{"start":{"line":42,"column":10},"end":{"line":42,"column":28}},{"start":{"line":42,"column":28},"end":{"line":42,"column":43}}],"line":42},"10":{"loc":{"start":{"line":55,"column":4},"end":{"line":59,"column":null}},"type":"if","locations":[{"start":{"line":55,"column":4},"end":{"line":59,"column":null}},{"start":{"line":57,"column":4},"end":{"line":59,"column":null}}],"line":55},"11":{"loc":{"start":{"line":55,"column":8},"end":{"line":55,"column":43}},"type":"binary-expr","locations":[{"start":{"line":55,"column":8},"end":{"line":55,"column":28}},{"start":{"line":55,"column":28},"end":{"line":55,"column":43}}],"line":55},"12":{"loc":{"start":{"line":57,"column":4},"end":{"line":59,"column":null}},"type":"if","locations":[{"start":{"line":57,"column":4},"end":{"line":59,"column":null}},{"start":{},"end":{}}],"line":57}},"s":{"0":3,"1":3,"2":2,"3":2,"4":2,"5":4,"6":1,"7":3,"8":3,"9":1,"10":1,"11":0,"12":2,"13":2,"14":2,"15":1,"16":0,"17":1,"18":1,"19":0,"20":1,"21":1,"22":3,"23":3,"24":3,"25":1,"26":2,"27":2,"28":3},"f":{"0":3,"1":0,"2":1,"3":3},"b":{"0":[1,3],"1":[4,4],"2":[1,2],"3":[1,0],"4":[2,0],"5":[2,2],"6":[0,1],"7":[1,0],"8":[1,0],"9":[1,1],"10":[1,2],"11":[3,1],"12":[2,0]},"meta":{"lastBranch":13,"lastFunction":4,"lastStatement":29,"seen":{"f:10:22:10:41":0,"s:11:2:49:Infinity":0,"s:12:20:12:Infinity":1,"s:13:4:13:Infinity":2,"s:14:30:14:Infinity":3,"s:16:4:38:Infinity":4,"b:17:6:19:Infinity:undefined:undefined:undefined:undefined":0,"s:17:6:19:Infinity":5,"b:17:10:17:24:17:24:17:52":1,"s:18:8:18:Infinity":6,"s:21:23:21:Infinity":7,"b:23:6:37:Infinity:31:6:37:Infinity":2,"s:23:6:37:Infinity":8,"s:24:25:24:Infinity":9,"s:25:8:30:Infinity":10,"b:26:16:26:30:26:30:26:Infinity":3,"f:29:34:29:35":1,"s:29:44:29:72":11,"b:31:6:37:Infinity:undefined:undefined:undefined:undefined":4,"s:31:6:37:Infinity":12,"b:31:17:31:33:31:33:31:62":5,"s:32:8:36:Infinity":13,"s:40:4:44:Infinity":14,"f:40:22:40:23":2,"b:41:6:41:Infinity:undefined:undefined:undefined:undefined":6,"s:41:6:41:Infinity":15,"b:41:10:41:27:41:27:41:43":7,"s:41:43:41:Infinity":16,"b:42:6:42:Infinity:undefined:undefined:undefined:undefined":8,"s:42:6:42:Infinity":17,"b:42:10:42:28:42:28:42:43":9,"s:42:43:42:Infinity":18,"s:43:6:43:Infinity":19,"s:47:4:47:Infinity":20,"s:48:4:48:Infinity":21,"f:52:16:52:29":3,"s:53:27:53:Infinity":22,"s:54:2:60:Infinity":23,"b:55:4:59:Infinity:57:4:59:Infinity":10,"s:55:4:59:Infinity":24,"b:55:8:55:28:55:28:55:43":11,"s:56:6:56:Infinity":25,"b:57:4:59:Infinity:undefined:undefined:undefined:undefined":12,"s:57:4:59:Infinity":26,"s:58:6:58:Infinity":27,"s:61:2:61:Infinity":28}}}
,"/Users/raytiong/projects/glade/src/utils/settings.tsx": {"path":"/Users/raytiong/projects/glade/src/utils/settings.tsx","statementMap":{"0":{"start":{"line":9,"column":41},"end":{"line":18,"column":null}},"1":{"start":{"line":21,"column":2},"end":{"line":21,"column":null}},"2":{"start":{"line":21,"column":14},"end":{"line":21,"column":null}},"3":{"start":{"line":22,"column":2},"end":{"line":29,"column":null}},"4":{"start":{"line":37,"column":6},"end":{"line":37,"column":null}},"5":{"start":{"line":40,"column":30},"end":{"line":47,"column":null}},"6":{"start":{"line":41,"column":4},"end":{"line":46,"column":null}},"7":{"start":{"line":42,"column":20},"end":{"line":42,"column":null}},"8":{"start":{"line":43,"column":6},"end":{"line":43,"column":null}},"9":{"start":{"line":45,"column":6},"end":{"line":45,"column":null}},"10":{"start":{"line":49,"column":2},"end":{"line":51,"column":null}},"11":{"start":{"line":50,"column":4},"end":{"line":50,"column":null}},"12":{"start":{"line":53,"column":25},"end":{"line":55,"column":null}},"13":{"start":{"line":54,"column":4},"end":{"line":54,"column":null}},"14":{"start":{"line":54,"column":25},"end":{"line":54,"column":53}},"15":{"start":{"line":57,"column":2},"end":{"line":60,"column":null}},"16":{"start":{"line":65,"column":8},"end":{"line":65,"column":null}},"17":{"start":{"line":66,"column":2},"end":{"line":68,"column":null}},"18":{"start":{"line":67,"column":4},"end":{"line":67,"column":null}},"19":{"start":{"line":69,"column":2},"end":{"line":69,"column":null}}},"fnMap":{"0":{"name":"mergeSettings","decl":{"start":{"line":20,"column":16},"end":{"line":20,"column":30}},"loc":{"start":{"line":20,"column":73},"end":{"line":30,"column":null}},"line":20},"1":{"name":"SettingsProvider","decl":{"start":{"line":39,"column":16},"end":{"line":39,"column":33}},"loc":{"start":{"line":39,"column":72},"end":{"line":62,"column":null}},"line":39},"2":{"name":"(anonymous_2)","decl":{"start":{"line":40,"column":53},"end":{"line":40,"column":59}},"loc":{"start":{"line":40,"column":59},"end":{"line":47,"column":3}},"line":40},"3":{"name":"(anonymous_3)","decl":{"start":{"line":49,"column":12},"end":{"line":49,"column":18}},"loc":{"start":{"line":49,"column":18},"end":{"line":51,"column":5}},"line":49},"4":{"name":"(anonymous_4)","decl":{"start":{"line":53,"column":25},"end":{"line":53,"column":26}},"loc":{"start":{"line":53,"column":61},"end":{"line":55,"column":null}},"line":53},"5":{"name":"(anonymous_5)","decl":{"start":{"line":54,"column":16},"end":{"line":54,"column":25}},"loc":{"start":{"line":54,"column":25},"end":{"line":54,"column":53}},"line":54},"6":{"name":"useSettings","decl":{"start":{"line":64,"column":16},"end":{"line":64,"column":30}},"loc":{"start":{"line":64,"column":30},"end":{"line":70,"column":null}},"line":64}},"branchMap":{"0":{"loc":{"start":{"line":21,"column":2},"end":{"line":21,"column":null}},"type":"if","locations":[{"start":{"line":21,"column":2},"end":{"line":21,"column":null}},{"start":{},"end":{}}],"line":21},"1":{"loc":{"start":{"line":27,"column":10},"end":{"line":27,"column":null}},"type":"binary-expr","locations":[{"start":{"line":27,"column":10},"end":{"line":27,"column":27}},{"start":{"line":27,"column":27},"end":{"line":27,"column":null}}],"line":27},"2":{"loc":{"start":{"line":43,"column":27},"end":{"line":43,"column":59}},"type":"cond-expr","locations":[{"start":{"line":43,"column":35},"end":{"line":43,"column":55}},{"start":{"line":43,"column":55},"end":{"line":43,"column":59}}],"line":43},"3":{"loc":{"start":{"line":66,"column":2},"end":{"line":68,"column":null}},"type":"if","locations":[{"start":{"line":66,"column":2},"end":{"line":68,"column":null}},{"start":{},"end":{}}],"line":66}},"s":{"0":1,"1":2,"2":2,"3":0,"4":1,"5":3,"6":2,"7":2,"8":2,"9":0,"10":3,"11":3,"12":3,"13":1,"14":1,"15":3,"16":3,"17":3,"18":0,"19":3},"f":{"0":2,"1":3,"2":2,"3":3,"4":1,"5":1,"6":3},"b":{"0":[2,0],"1":[0,0],"2":[0,2],"3":[0,3]},"meta":{"lastBranch":4,"lastFunction":7,"lastStatement":20,"seen":{"s:9:41:18:Infinity":0,"f:20:16:20:30":0,"b:21:2:21:Infinity:undefined:undefined:undefined:undefined":0,"s:21:2:21:Infinity":1,"s:21:14:21:Infinity":2,"s:22:2:29:Infinity":3,"b:27:10:27:27:27:27:27:Infinity":1,"s:37:6:37:Infinity":4,"f:39:16:39:33":1,"s:40:30:47:Infinity":5,"f:40:53:40:59":2,"s:41:4:46:Infinity":6,"s:42:20:42:Infinity":7,"s:43:6:43:Infinity":8,"b:43:35:43:55:43:55:43:59":2,"s:45:6:45:Infinity":9,"s:49:2:51:Infinity":10,"f:49:12:49:18":3,"s:50:4:50:Infinity":11,"s:53:25:55:Infinity":12,"f:53:25:53:26":4,"s:54:4:54:Infinity":13,"f:54:16:54:25":5,"s:54:25:54:53":14,"s:57:2:60:Infinity":15,"f:64:16:64:30":6,"s:65:8:65:Infinity":16,"b:66:2:68:Infinity:undefined:undefined:undefined:undefined":3,"s:66:2:68:Infinity":17,"s:67:4:67:Infinity":18,"s:69:2:69:Infinity":19}}}
}
