{"/Users/raytiong/projects/glade/src/components/AgentPrompt.tsx": {"path":"/Users/raytiong/projects/glade/src/components/AgentPrompt.tsx","statementMap":{"0":{"start":{"line":12,"column":27},"end":{"line":244,"column":null}},"1":{"start":{"line":13,"column":10},"end":{"line":13,"column":null}},"2":{"start":{"line":14,"column":17},"end":{"line":14,"column":null}},"3":{"start":{"line":15,"column":29},"end":{"line":15,"column":null}},"4":{"start":{"line":16,"column":28},"end":{"line":16,"column":null}},"5":{"start":{"line":17,"column":36},"end":{"line":17,"column":null}},"6":{"start":{"line":19,"column":28},"end":{"line":19,"column":null}},"7":{"start":{"line":20,"column":46},"end":{"line":20,"column":null}},"8":{"start":{"line":23,"column":28},"end":{"line":23,"column":null}},"9":{"start":{"line":24,"column":32},"end":{"line":24,"column":null}},"10":{"start":{"line":25,"column":46},"end":{"line":25,"column":null}},"11":{"start":{"line":27,"column":4},"end":{"line":50,"column":null}},"12":{"start":{"line":28,"column":33},"end":{"line":46,"column":null}},"13":{"start":{"line":29,"column":12},"end":{"line":29,"column":null}},"14":{"start":{"line":29,"column":23},"end":{"line":29,"column":null}},"15":{"start":{"line":30,"column":30},"end":{"line":30,"column":null}},"16":{"start":{"line":31,"column":12},"end":{"line":31,"column":null}},"17":{"start":{"line":34,"column":12},"end":{"line":42,"column":null}},"18":{"start":{"line":35,"column":31},"end":{"line":35,"column":null}},"19":{"start":{"line":36,"column":16},"end":{"line":39,"column":null}},"20":{"start":{"line":41,"column":16},"end":{"line":41,"column":null}},"21":{"start":{"line":44,"column":12},"end":{"line":44,"column":null}},"22":{"start":{"line":45,"column":12},"end":{"line":45,"column":null}},"23":{"start":{"line":48,"column":8},"end":{"line":48,"column":null}},"24":{"start":{"line":49,"column":8},"end":{"line":49,"column":null}},"25":{"start":{"line":49,"column":21},"end":{"line":49,"column":null}},"26":{"start":{"line":53,"column":4},"end":{"line":61,"column":null}},"27":{"start":{"line":54,"column":35},"end":{"line":58,"column":null}},"28":{"start":{"line":55,"column":12},"end":{"line":57,"column":null}},"29":{"start":{"line":56,"column":16},"end":{"line":56,"column":null}},"30":{"start":{"line":59,"column":8},"end":{"line":59,"column":null}},"31":{"start":{"line":60,"column":8},"end":{"line":60,"column":null}},"32":{"start":{"line":60,"column":21},"end":{"line":60,"column":null}},"33":{"start":{"line":63,"column":4},"end":{"line":81,"column":null}},"34":{"start":{"line":64,"column":27},"end":{"line":79,"column":null}},"35":{"start":{"line":65,"column":30},"end":{"line":65,"column":null}},"36":{"start":{"line":66,"column":12},"end":{"line":66,"column":null}},"37":{"start":{"line":66,"column":28},"end":{"line":66,"column":null}},"38":{"start":{"line":67,"column":12},"end":{"line":78,"column":null}},"39":{"start":{"line":68,"column":35},"end":{"line":68,"column":null}},"40":{"start":{"line":69,"column":16},"end":{"line":75,"column":null}},"41":{"start":{"line":70,"column":20},"end":{"line":70,"column":null}},"42":{"start":{"line":71,"column":20},"end":{"line":74,"column":null}},"43":{"start":{"line":71,"column":55},"end":{"line":71,"column":79}},"44":{"start":{"line":72,"column":46},"end":{"line":72,"column":null}},"45":{"start":{"line":72,"column":76},"end":{"line":72,"column":95}},"46":{"start":{"line":73,"column":24},"end":{"line":73,"column":null}},"47":{"start":{"line":77,"column":16},"end":{"line":77,"column":null}},"48":{"start":{"line":80,"column":8},"end":{"line":80,"column":null}},"49":{"start":{"line":83,"column":22},"end":{"line":83,"column":null}},"50":{"start":{"line":85,"column":26},"end":{"line":144,"column":null}},"51":{"start":{"line":86,"column":8},"end":{"line":86,"column":null}},"52":{"start":{"line":86,"column":48},"end":{"line":86,"column":null}},"53":{"start":{"line":87,"column":8},"end":{"line":87,"column":null}},"54":{"start":{"line":87,"column":30},"end":{"line":87,"column":null}},"55":{"start":{"line":89,"column":8},"end":{"line":89,"column":null}},"56":{"start":{"line":90,"column":8},"end":{"line":143,"column":null}},"57":{"start":{"line":91,"column":34},"end":{"line":96,"column":null}},"58":{"start":{"line":91,"column":51},"end":{"line":91,"column":75}},"59":{"start":{"line":99,"column":29},"end":{"line":104,"column":null}},"60":{"start":{"line":106,"column":27},"end":{"line":106,"column":null}},"61":{"start":{"line":107,"column":12},"end":{"line":113,"column":null}},"62":{"start":{"line":108,"column":16},"end":{"line":112,"column":null}},"63":{"start":{"line":109,"column":20},"end":{"line":109,"column":null}},"64":{"start":{"line":110,"column":30},"end":{"line":110,"column":null}},"65":{"start":{"line":111,"column":20},"end":{"line":111,"column":null}},"66":{"start":{"line":114,"column":12},"end":{"line":114,"column":null}},"67":{"start":{"line":116,"column":12},"end":{"line":116,"column":null}},"68":{"start":{"line":118,"column":34},"end":{"line":118,"column":null}},"69":{"start":{"line":119,"column":28},"end":{"line":119,"column":null}},"70":{"start":{"line":120,"column":29},"end":{"line":120,"column":null}},"71":{"start":{"line":122,"column":12},"end":{"line":131,"column":null}},"72":{"start":{"line":123,"column":16},"end":{"line":123,"column":null}},"73":{"start":{"line":124,"column":16},"end":{"line":124,"column":null}},"74":{"start":{"line":125,"column":12},"end":{"line":131,"column":null}},"75":{"start":{"line":126,"column":16},"end":{"line":126,"column":null}},"76":{"start":{"line":127,"column":16},"end":{"line":127,"column":null}},"77":{"start":{"line":128,"column":12},"end":{"line":131,"column":null}},"78":{"start":{"line":129,"column":16},"end":{"line":129,"column":null}},"79":{"start":{"line":130,"column":16},"end":{"line":130,"column":null}},"80":{"start":{"line":133,"column":12},"end":{"line":138,"column":null}},"81":{"start":{"line":140,"column":12},"end":{"line":140,"column":null}},"82":{"start":{"line":141,"column":12},"end":{"line":141,"column":null}},"83":{"start":{"line":142,"column":12},"end":{"line":142,"column":null}},"84":{"start":{"line":146,"column":4},"end":{"line":163,"column":null}},"85":{"start":{"line":147,"column":30},"end":{"line":159,"column":null}},"86":{"start":{"line":148,"column":12},"end":{"line":148,"column":null}},"87":{"start":{"line":148,"column":25},"end":{"line":148,"column":null}},"88":{"start":{"line":150,"column":12},"end":{"line":158,"column":null}},"89":{"start":{"line":151,"column":16},"end":{"line":151,"column":null}},"90":{"start":{"line":152,"column":16},"end":{"line":152,"column":null}},"91":{"start":{"line":153,"column":16},"end":{"line":153,"column":null}},"92":{"start":{"line":154,"column":31},"end":{"line":154,"column":null}},"93":{"start":{"line":155,"column":16},"end":{"line":157,"column":null}},"94":{"start":{"line":156,"column":20},"end":{"line":156,"column":null}},"95":{"start":{"line":156,"column":43},"end":{"line":156,"column":73}},"96":{"start":{"line":161,"column":8},"end":{"line":161,"column":null}},"97":{"start":{"line":162,"column":8},"end":{"line":162,"column":null}},"98":{"start":{"line":162,"column":21},"end":{"line":162,"column":null}},"99":{"start":{"line":165,"column":4},"end":{"line":165,"column":null}},"100":{"start":{"line":165,"column":17},"end":{"line":165,"column":null}},"101":{"start":{"line":167,"column":4},"end":{"line":242,"column":null}},"102":{"start":{"line":191,"column":37},"end":{"line":191,"column":null}},"103":{"start":{"line":206,"column":28},"end":{"line":206,"column":null}},"104":{"start":{"line":216,"column":37},"end":{"line":216,"column":null}},"105":{"start":{"line":218,"column":24},"end":{"line":221,"column":null}},"106":{"start":{"line":219,"column":28},"end":{"line":219,"column":null}},"107":{"start":{"line":220,"column":28},"end":{"line":220,"column":null}}},"fnMap":{"0":{"name":"(anonymous_0)","decl":{"start":{"line":12,"column":27},"end":{"line":12,"column":33}},"loc":{"start":{"line":12,"column":33},"end":{"line":244,"column":null}},"line":12},"1":{"name":"(anonymous_1)","decl":{"start":{"line":27,"column":14},"end":{"line":27,"column":20}},"loc":{"start":{"line":27,"column":20},"end":{"line":50,"column":7}},"line":27},"2":{"name":"(anonymous_2)","decl":{"start":{"line":28,"column":33},"end":{"line":28,"column":34}},"loc":{"start":{"line":28,"column":45},"end":{"line":46,"column":null}},"line":28},"3":{"name":"(anonymous_3)","decl":{"start":{"line":49,"column":15},"end":{"line":49,"column":21}},"loc":{"start":{"line":49,"column":21},"end":{"line":49,"column":null}},"line":49},"4":{"name":"(anonymous_4)","decl":{"start":{"line":53,"column":14},"end":{"line":53,"column":20}},"loc":{"start":{"line":53,"column":20},"end":{"line":61,"column":7}},"line":53},"5":{"name":"(anonymous_5)","decl":{"start":{"line":54,"column":35},"end":{"line":54,"column":36}},"loc":{"start":{"line":54,"column":54},"end":{"line":58,"column":null}},"line":54},"6":{"name":"(anonymous_6)","decl":{"start":{"line":60,"column":15},"end":{"line":60,"column":21}},"loc":{"start":{"line":60,"column":21},"end":{"line":60,"column":null}},"line":60},"7":{"name":"(anonymous_7)","decl":{"start":{"line":63,"column":14},"end":{"line":63,"column":20}},"loc":{"start":{"line":63,"column":20},"end":{"line":81,"column":7}},"line":63},"8":{"name":"(anonymous_8)","decl":{"start":{"line":64,"column":27},"end":{"line":64,"column":39}},"loc":{"start":{"line":64,"column":39},"end":{"line":79,"column":null}},"line":64},"9":{"name":"(anonymous_9)","decl":{"start":{"line":71,"column":41},"end":{"line":71,"column":42}},"loc":{"start":{"line":71,"column":55},"end":{"line":71,"column":79}},"line":71},"10":{"name":"(anonymous_10)","decl":{"start":{"line":72,"column":62},"end":{"line":72,"column":63}},"loc":{"start":{"line":72,"column":76},"end":{"line":72,"column":95}},"line":72},"11":{"name":"(anonymous_11)","decl":{"start":{"line":85,"column":26},"end":{"line":85,"column":38}},"loc":{"start":{"line":85,"column":38},"end":{"line":144,"column":null}},"line":85},"12":{"name":"(anonymous_12)","decl":{"start":{"line":91,"column":46},"end":{"line":91,"column":51}},"loc":{"start":{"line":91,"column":51},"end":{"line":91,"column":75}},"line":91},"13":{"name":"(anonymous_13)","decl":{"start":{"line":108,"column":30},"end":{"line":108,"column":31}},"loc":{"start":{"line":108,"column":39},"end":{"line":112,"column":17}},"line":108},"14":{"name":"(anonymous_14)","decl":{"start":{"line":146,"column":14},"end":{"line":146,"column":20}},"loc":{"start":{"line":146,"column":20},"end":{"line":163,"column":7}},"line":146},"15":{"name":"(anonymous_15)","decl":{"start":{"line":147,"column":30},"end":{"line":147,"column":31}},"loc":{"start":{"line":147,"column":52},"end":{"line":159,"column":null}},"line":147},"16":{"name":"(anonymous_16)","decl":{"start":{"line":156,"column":34},"end":{"line":156,"column":35}},"loc":{"start":{"line":156,"column":43},"end":{"line":156,"column":73}},"line":156},"17":{"name":"(anonymous_17)","decl":{"start":{"line":162,"column":15},"end":{"line":162,"column":21}},"loc":{"start":{"line":162,"column":21},"end":{"line":162,"column":null}},"line":162},"18":{"name":"(anonymous_18)","decl":{"start":{"line":191,"column":30},"end":{"line":191,"column":31}},"loc":{"start":{"line":191,"column":37},"end":{"line":191,"column":null}},"line":191},"19":{"name":"(anonymous_19)","decl":{"start":{"line":205,"column":35},"end":{"line":205,"column":null}},"loc":{"start":{"line":206,"column":28},"end":{"line":206,"column":null}},"line":206},"20":{"name":"(anonymous_20)","decl":{"start":{"line":216,"column":30},"end":{"line":216,"column":31}},"loc":{"start":{"line":216,"column":37},"end":{"line":216,"column":null}},"line":216},"21":{"name":"(anonymous_21)","decl":{"start":{"line":217,"column":31},"end":{"line":217,"column":32}},"loc":{"start":{"line":217,"column":38},"end":{"line":222,"column":null}},"line":217}},"branchMap":{"0":{"loc":{"start":{"line":29,"column":12},"end":{"line":29,"column":null}},"type":"if","locations":[{"start":{"line":29,"column":12},"end":{"line":29,"column":null}},{"start":{},"end":{}}],"line":29},"1":{"loc":{"start":{"line":30,"column":30},"end":{"line":30,"column":null}},"type":"binary-expr","locations":[{"start":{"line":30,"column":30},"end":{"line":30,"column":42}},{"start":{"line":30,"column":42},"end":{"line":30,"column":null}}],"line":30},"2":{"loc":{"start":{"line":55,"column":12},"end":{"line":57,"column":null}},"type":"if","locations":[{"start":{"line":55,"column":12},"end":{"line":57,"column":null}},{"start":{},"end":{}}],"line":55},"3":{"loc":{"start":{"line":55,"column":16},"end":{"line":55,"column":82}},"type":"binary-expr","locations":[{"start":{"line":55,"column":16},"end":{"line":55,"column":26}},{"start":{"line":55,"column":26},"end":{"line":55,"column":41}},{"start":{"line":55,"column":41},"end":{"line":55,"column":82}}],"line":55},"4":{"loc":{"start":{"line":66,"column":12},"end":{"line":66,"column":null}},"type":"if","locations":[{"start":{"line":66,"column":12},"end":{"line":66,"column":null}},{"start":{},"end":{}}],"line":66},"5":{"loc":{"start":{"line":69,"column":16},"end":{"line":75,"column":null}},"type":"if","locations":[{"start":{"line":69,"column":16},"end":{"line":75,"column":null}},{"start":{},"end":{}}],"line":69},"6":{"loc":{"start":{"line":69,"column":20},"end":{"line":69,"column":72}},"type":"binary-expr","locations":[{"start":{"line":69,"column":20},"end":{"line":69,"column":49}},{"start":{"line":69,"column":49},"end":{"line":69,"column":72}}],"line":69},"7":{"loc":{"start":{"line":71,"column":20},"end":{"line":74,"column":null}},"type":"if","locations":[{"start":{"line":71,"column":20},"end":{"line":74,"column":null}},{"start":{},"end":{}}],"line":71},"8":{"loc":{"start":{"line":73,"column":43},"end":{"line":73,"column":88}},"type":"cond-expr","locations":[{"start":{"line":73,"column":59},"end":{"line":73,"column":72}},{"start":{"line":73,"column":72},"end":{"line":73,"column":88}}],"line":73},"9":{"loc":{"start":{"line":86,"column":8},"end":{"line":86,"column":null}},"type":"if","locations":[{"start":{"line":86,"column":8},"end":{"line":86,"column":null}},{"start":{},"end":{}}],"line":86},"10":{"loc":{"start":{"line":86,"column":12},"end":{"line":86,"column":48}},"type":"binary-expr","locations":[{"start":{"line":86,"column":12},"end":{"line":86,"column":23}},{"start":{"line":86,"column":23},"end":{"line":86,"column":41}},{"start":{"line":86,"column":41},"end":{"line":86,"column":48}}],"line":86},"11":{"loc":{"start":{"line":87,"column":8},"end":{"line":87,"column":null}},"type":"if","locations":[{"start":{"line":87,"column":8},"end":{"line":87,"column":null}},{"start":{},"end":{}}],"line":87},"12":{"loc":{"start":{"line":91,"column":34},"end":{"line":96,"column":null}},"type":"binary-expr","locations":[{"start":{"line":91,"column":34},"end":{"line":91,"column":80}},{"start":{"line":91,"column":80},"end":{"line":96,"column":null}}],"line":91},"13":{"loc":{"start":{"line":107,"column":12},"end":{"line":113,"column":null}},"type":"if","locations":[{"start":{"line":107,"column":12},"end":{"line":113,"column":null}},{"start":{},"end":{}}],"line":107},"14":{"loc":{"start":{"line":122,"column":12},"end":{"line":131,"column":null}},"type":"if","locations":[{"start":{"line":122,"column":12},"end":{"line":131,"column":null}},{"start":{"line":125,"column":12},"end":{"line":131,"column":null}}],"line":122},"15":{"loc":{"start":{"line":125,"column":12},"end":{"line":131,"column":null}},"type":"if","locations":[{"start":{"line":125,"column":12},"end":{"line":131,"column":null}},{"start":{"line":128,"column":12},"end":{"line":131,"column":null}}],"line":125},"16":{"loc":{"start":{"line":128,"column":12},"end":{"line":131,"column":null}},"type":"if","locations":[{"start":{"line":128,"column":12},"end":{"line":131,"column":null}},{"start":{},"end":{}}],"line":128},"17":{"loc":{"start":{"line":128,"column":23},"end":{"line":128,"column":92}},"type":"binary-expr","locations":[{"start":{"line":128,"column":23},"end":{"line":128,"column":51}},{"start":{"line":128,"column":51},"end":{"line":128,"column":92}}],"line":128},"18":{"loc":{"start":{"line":148,"column":12},"end":{"line":148,"column":null}},"type":"if","locations":[{"start":{"line":148,"column":12},"end":{"line":148,"column":null}},{"start":{},"end":{}}],"line":148},"19":{"loc":{"start":{"line":150,"column":12},"end":{"line":158,"column":null}},"type":"if","locations":[{"start":{"line":150,"column":12},"end":{"line":158,"column":null}},{"start":{},"end":{}}],"line":150},"20":{"loc":{"start":{"line":155,"column":16},"end":{"line":157,"column":null}},"type":"if","locations":[{"start":{"line":155,"column":16},"end":{"line":157,"column":null}},{"start":{},"end":{}}],"line":155},"21":{"loc":{"start":{"line":165,"column":4},"end":{"line":165,"column":null}},"type":"if","locations":[{"start":{"line":165,"column":4},"end":{"line":165,"column":null}},{"start":{},"end":{}}],"line":165},"22":{"loc":{"start":{"line":202,"column":21},"end":{"line":207,"column":null}},"type":"cond-expr","locations":[{"start":{"line":203,"column":24},"end":{"line":203,"column":null}},{"start":{"line":205,"column":24},"end":{"line":207,"column":null}}],"line":202},"23":{"loc":{"start":{"line":218,"column":24},"end":{"line":221,"column":null}},"type":"if","locations":[{"start":{"line":218,"column":24},"end":{"line":221,"column":null}},{"start":{},"end":{}}],"line":218},"24":{"loc":{"start":{"line":236,"column":17},"end":{"line":239,"column":null}},"type":"binary-expr","locations":[{"start":{"line":236,"column":17},"end":{"line":236,"column":null}},{"start":{"line":237,"column":20},"end":{"line":239,"column":null}}],"line":236}},"s":{"0":1,"1":4,"2":4,"3":4,"4":4,"5":4,"6":4,"7":4,"8":4,"9":4,"10":4,"11":4,"12":2,"13":0,"14":0,"15":0,"16":0,"17":0,"18":0,"19":0,"20":0,"21":0,"22":0,"23":2,"24":2,"25":2,"26":4,"27":2,"28":0,"29":0,"30":2,"31":2,"32":2,"33":4,"34":2,"35":2,"36":2,"37":0,"38":2,"39":2,"40":2,"41":1,"42":1,"43":1,"44":1,"45":1,"46":1,"47":0,"48":2,"49":4,"50":4,"51":0,"52":0,"53":0,"54":0,"55":0,"56":0,"57":0,"58":0,"59":0,"60":0,"61":0,"62":0,"63":0,"64":0,"65":0,"66":0,"67":0,"68":0,"69":0,"70":0,"71":0,"72":0,"73":0,"74":0,"75":0,"76":0,"77":0,"78":0,"79":0,"80":0,"81":0,"82":0,"83":0,"84":4,"85":2,"86":0,"87":0,"88":0,"89":0,"90":0,"91":0,"92":0,"93":0,"94":0,"95":0,"96":2,"97":2,"98":2,"99":4,"100":4,"101":0,"102":0,"103":0,"104":0,"105":0,"106":0,"107":0},"f":{"0":4,"1":2,"2":0,"3":2,"4":2,"5":0,"6":2,"7":2,"8":2,"9":1,"10":1,"11":0,"12":0,"13":0,"14":2,"15":0,"16":0,"17":2,"18":0,"19":0,"20":0,"21":0},"b":{"0":[0,0],"1":[0,0],"2":[0,0],"3":[0,0,0],"4":[0,2],"5":[1,1],"6":[2,2],"7":[1,0],"8":[0,1],"9":[0,0],"10":[0,0,0],"11":[0,0],"12":[0,0],"13":[0,0],"14":[0,0],"15":[0,0],"16":[0,0],"17":[0,0],"18":[0,0],"19":[0,0],"20":[0,0],"21":[4,0],"22":[0,0],"23":[0,0],"24":[4,0]},"meta":{"lastBranch":25,"lastFunction":22,"lastStatement":108,"seen":{"s:12:27:244:Infinity":0,"f:12:27:12:33":0,"s:13:10:13:Infinity":1,"s:14:17:14:Infinity":2,"s:15:29:15:Infinity":3,"s:16:28:16:Infinity":4,"s:17:36:17:Infinity":5,"s:19:28:19:Infinity":6,"s:20:46:20:Infinity":7,"s:23:28:23:Infinity":8,"s:24:32:24:Infinity":9,"s:25:46:25:Infinity":10,"s:27:4:50:Infinity":11,"f:27:14:27:20":1,"s:28:33:46:Infinity":12,"f:28:33:28:34":2,"b:29:12:29:Infinity:undefined:undefined:undefined:undefined":0,"s:29:12:29:Infinity":13,"s:29:23:29:Infinity":14,"s:30:30:30:Infinity":15,"b:30:30:30:42:30:42:30:Infinity":1,"s:31:12:31:Infinity":16,"s:34:12:42:Infinity":17,"s:35:31:35:Infinity":18,"s:36:16:39:Infinity":19,"s:41:16:41:Infinity":20,"s:44:12:44:Infinity":21,"s:45:12:45:Infinity":22,"s:48:8:48:Infinity":23,"s:49:8:49:Infinity":24,"f:49:15:49:21":3,"s:49:21:49:Infinity":25,"s:53:4:61:Infinity":26,"f:53:14:53:20":4,"s:54:35:58:Infinity":27,"f:54:35:54:36":5,"b:55:12:57:Infinity:undefined:undefined:undefined:undefined":2,"s:55:12:57:Infinity":28,"b:55:16:55:26:55:26:55:41:55:41:55:82":3,"s:56:16:56:Infinity":29,"s:59:8:59:Infinity":30,"s:60:8:60:Infinity":31,"f:60:15:60:21":6,"s:60:21:60:Infinity":32,"s:63:4:81:Infinity":33,"f:63:14:63:20":7,"s:64:27:79:Infinity":34,"f:64:27:64:39":8,"s:65:30:65:Infinity":35,"b:66:12:66:Infinity:undefined:undefined:undefined:undefined":4,"s:66:12:66:Infinity":36,"s:66:28:66:Infinity":37,"s:67:12:78:Infinity":38,"s:68:35:68:Infinity":39,"b:69:16:75:Infinity:undefined:undefined:undefined:undefined":5,"s:69:16:75:Infinity":40,"b:69:20:69:49:69:49:69:72":6,"s:70:20:70:Infinity":41,"b:71:20:74:Infinity:undefined:undefined:undefined:undefined":7,"s:71:20:74:Infinity":42,"f:71:41:71:42":9,"s:71:55:71:79":43,"s:72:46:72:Infinity":44,"f:72:62:72:63":10,"s:72:76:72:95":45,"s:73:24:73:Infinity":46,"b:73:59:73:72:73:72:73:88":8,"s:77:16:77:Infinity":47,"s:80:8:80:Infinity":48,"s:83:22:83:Infinity":49,"s:85:26:144:Infinity":50,"f:85:26:85:38":11,"b:86:8:86:Infinity:undefined:undefined:undefined:undefined":9,"s:86:8:86:Infinity":51,"b:86:12:86:23:86:23:86:41:86:41:86:48":10,"s:86:48:86:Infinity":52,"b:87:8:87:Infinity:undefined:undefined:undefined:undefined":11,"s:87:8:87:Infinity":53,"s:87:30:87:Infinity":54,"s:89:8:89:Infinity":55,"s:90:8:143:Infinity":56,"s:91:34:96:Infinity":57,"b:91:34:91:80:91:80:96:Infinity":12,"f:91:46:91:51":12,"s:91:51:91:75":58,"s:99:29:104:Infinity":59,"s:106:27:106:Infinity":60,"b:107:12:113:Infinity:undefined:undefined:undefined:undefined":13,"s:107:12:113:Infinity":61,"s:108:16:112:Infinity":62,"f:108:30:108:31":13,"s:109:20:109:Infinity":63,"s:110:30:110:Infinity":64,"s:111:20:111:Infinity":65,"s:114:12:114:Infinity":66,"s:116:12:116:Infinity":67,"s:118:34:118:Infinity":68,"s:119:28:119:Infinity":69,"s:120:29:120:Infinity":70,"b:122:12:131:Infinity:125:12:131:Infinity":14,"s:122:12:131:Infinity":71,"s:123:16:123:Infinity":72,"s:124:16:124:Infinity":73,"b:125:12:131:Infinity:128:12:131:Infinity":15,"s:125:12:131:Infinity":74,"s:126:16:126:Infinity":75,"s:127:16:127:Infinity":76,"b:128:12:131:Infinity:undefined:undefined:undefined:undefined":16,"s:128:12:131:Infinity":77,"b:128:23:128:51:128:51:128:92":17,"s:129:16:129:Infinity":78,"s:130:16:130:Infinity":79,"s:133:12:138:Infinity":80,"s:140:12:140:Infinity":81,"s:141:12:141:Infinity":82,"s:142:12:142:Infinity":83,"s:146:4:163:Infinity":84,"f:146:14:146:20":14,"s:147:30:159:Infinity":85,"f:147:30:147:31":15,"b:148:12:148:Infinity:undefined:undefined:undefined:undefined":18,"s:148:12:148:Infinity":86,"s:148:25:148:Infinity":87,"b:150:12:158:Infinity:undefined:undefined:undefined:undefined":19,"s:150:12:158:Infinity":88,"s:151:16:151:Infinity":89,"s:152:16:152:Infinity":90,"s:153:16:153:Infinity":91,"s:154:31:154:Infinity":92,"b:155:16:157:Infinity:undefined:undefined:undefined:undefined":20,"s:155:16:157:Infinity":93,"s:156:20:156:Infinity":94,"f:156:34:156:35":16,"s:156:43:156:73":95,"s:161:8:161:Infinity":96,"s:162:8:162:Infinity":97,"f:162:15:162:21":17,"s:162:21:162:Infinity":98,"b:165:4:165:Infinity:undefined:undefined:undefined:undefined":21,"s:165:4:165:Infinity":99,"s:165:17:165:Infinity":100,"s:167:4:242:Infinity":101,"f:191:30:191:31":18,"s:191:37:191:Infinity":102,"b:203:24:203:Infinity:205:24:207:Infinity":22,"f:205:35:205:Infinity":19,"s:206:28:206:Infinity":103,"f:216:30:216:31":20,"s:216:37:216:Infinity":104,"f:217:31:217:32":21,"b:218:24:221:Infinity:undefined:undefined:undefined:undefined":23,"s:218:24:221:Infinity":105,"s:219:28:219:Infinity":106,"s:220:28:220:Infinity":107,"b:236:17:236:Infinity:237:20:239:Infinity":24}}}
,"/Users/raytiong/projects/glade/src/components/CustomImage.tsx": {"path":"/Users/raytiong/projects/glade/src/components/CustomImage.tsx","statementMap":{"0":{"start":{"line":5,"column":27},"end":{"line":74,"column":null}},"1":{"start":{"line":6,"column":17},"end":{"line":6,"column":null}},"2":{"start":{"line":7,"column":16},"end":{"line":7,"column":null}},"3":{"start":{"line":8,"column":16},"end":{"line":8,"column":null}},"4":{"start":{"line":9,"column":18},"end":{"line":9,"column":null}},"5":{"start":{"line":11,"column":38},"end":{"line":11,"column":null}},"6":{"start":{"line":13,"column":4},"end":{"line":62,"column":null}},"7":{"start":{"line":14,"column":8},"end":{"line":14,"column":null}},"8":{"start":{"line":14,"column":18},"end":{"line":14,"column":null}},"9":{"start":{"line":17,"column":8},"end":{"line":20,"column":null}},"10":{"start":{"line":18,"column":12},"end":{"line":18,"column":null}},"11":{"start":{"line":19,"column":12},"end":{"line":19,"column":null}},"12":{"start":{"line":23,"column":8},"end":{"line":26,"column":null}},"13":{"start":{"line":24,"column":12},"end":{"line":24,"column":null}},"14":{"start":{"line":25,"column":12},"end":{"line":25,"column":null}},"15":{"start":{"line":28,"column":27},"end":{"line":28,"column":null}},"16":{"start":{"line":31,"column":27},"end":{"line":31,"column":null}},"17":{"start":{"line":33,"column":8},"end":{"line":53,"column":null}},"18":{"start":{"line":35,"column":12},"end":{"line":52,"column":null}},"19":{"start":{"line":36,"column":28},"end":{"line":36,"column":null}},"20":{"start":{"line":39,"column":30},"end":{"line":39,"column":null}},"21":{"start":{"line":40,"column":41},"end":{"line":40,"column":null}},"22":{"start":{"line":41,"column":16},"end":{"line":48,"column":null}},"23":{"start":{"line":42,"column":20},"end":{"line":42,"column":null}},"24":{"start":{"line":42,"column":53},"end":{"line":42,"column":null}},"25":{"start":{"line":43,"column":20},"end":{"line":47,"column":null}},"26":{"start":{"line":44,"column":24},"end":{"line":44,"column":null}},"27":{"start":{"line":44,"column":47},"end":{"line":44,"column":null}},"28":{"start":{"line":46,"column":24},"end":{"line":46,"column":null}},"29":{"start":{"line":49,"column":16},"end":{"line":49,"column":null}},"30":{"start":{"line":50,"column":12},"end":{"line":52,"column":null}},"31":{"start":{"line":51,"column":16},"end":{"line":51,"column":null}},"32":{"start":{"line":55,"column":8},"end":{"line":61,"column":null}},"33":{"start":{"line":56,"column":18},"end":{"line":56,"column":null}},"34":{"start":{"line":57,"column":12},"end":{"line":57,"column":null}},"35":{"start":{"line":59,"column":12},"end":{"line":59,"column":null}},"36":{"start":{"line":60,"column":12},"end":{"line":60,"column":null}},"37":{"start":{"line":64,"column":4},"end":{"line":72,"column":null}}},"fnMap":{"0":{"name":"(anonymous_0)","decl":{"start":{"line":5,"column":27},"end":{"line":5,"column":28}},"loc":{"start":{"line":5,"column":107},"end":{"line":74,"column":null}},"line":5},"1":{"name":"(anonymous_1)","decl":{"start":{"line":13,"column":14},"end":{"line":13,"column":20}},"loc":{"start":{"line":13,"column":20},"end":{"line":62,"column":7}},"line":13}},"branchMap":{"0":{"loc":{"start":{"line":7,"column":16},"end":{"line":7,"column":null}},"type":"binary-expr","locations":[{"start":{"line":7,"column":16},"end":{"line":7,"column":34}},{"start":{"line":7,"column":34},"end":{"line":7,"column":null}}],"line":7},"1":{"loc":{"start":{"line":8,"column":16},"end":{"line":8,"column":null}},"type":"binary-expr","locations":[{"start":{"line":8,"column":16},"end":{"line":8,"column":34}},{"start":{"line":8,"column":34},"end":{"line":8,"column":null}}],"line":8},"2":{"loc":{"start":{"line":9,"column":18},"end":{"line":9,"column":null}},"type":"binary-expr","locations":[{"start":{"line":9,"column":18},"end":{"line":9,"column":38}},{"start":{"line":9,"column":38},"end":{"line":9,"column":null}}],"line":9},"3":{"loc":{"start":{"line":14,"column":8},"end":{"line":14,"column":null}},"type":"if","locations":[{"start":{"line":14,"column":8},"end":{"line":14,"column":null}},{"start":{},"end":{}}],"line":14},"4":{"loc":{"start":{"line":17,"column":8},"end":{"line":20,"column":null}},"type":"if","locations":[{"start":{"line":17,"column":8},"end":{"line":20,"column":null}},{"start":{},"end":{}}],"line":17},"5":{"loc":{"start":{"line":17,"column":12},"end":{"line":17,"column":96}},"type":"binary-expr","locations":[{"start":{"line":17,"column":12},"end":{"line":17,"column":41}},{"start":{"line":17,"column":41},"end":{"line":17,"column":71}},{"start":{"line":17,"column":71},"end":{"line":17,"column":96}}],"line":17},"6":{"loc":{"start":{"line":23,"column":8},"end":{"line":26,"column":null}},"type":"if","locations":[{"start":{"line":23,"column":8},"end":{"line":26,"column":null}},{"start":{},"end":{}}],"line":23},"7":{"loc":{"start":{"line":31,"column":27},"end":{"line":31,"column":null}},"type":"binary-expr","locations":[{"start":{"line":31,"column":27},"end":{"line":31,"column":50}},{"start":{"line":31,"column":50},"end":{"line":31,"column":null}}],"line":31},"8":{"loc":{"start":{"line":33,"column":8},"end":{"line":53,"column":null}},"type":"if","locations":[{"start":{"line":33,"column":8},"end":{"line":53,"column":null}},{"start":{},"end":{}}],"line":33},"9":{"loc":{"start":{"line":35,"column":12},"end":{"line":52,"column":null}},"type":"if","locations":[{"start":{"line":35,"column":12},"end":{"line":52,"column":null}},{"start":{"line":50,"column":12},"end":{"line":52,"column":null}}],"line":35},"10":{"loc":{"start":{"line":42,"column":20},"end":{"line":42,"column":null}},"type":"if","locations":[{"start":{"line":42,"column":20},"end":{"line":42,"column":null}},{"start":{},"end":{}}],"line":42},"11":{"loc":{"start":{"line":42,"column":24},"end":{"line":42,"column":53}},"type":"binary-expr","locations":[{"start":{"line":42,"column":24},"end":{"line":42,"column":40}},{"start":{"line":42,"column":40},"end":{"line":42,"column":53}}],"line":42},"12":{"loc":{"start":{"line":43,"column":20},"end":{"line":47,"column":null}},"type":"if","locations":[{"start":{"line":43,"column":20},"end":{"line":47,"column":null}},{"start":{"line":45,"column":27},"end":{"line":47,"column":null}}],"line":43},"13":{"loc":{"start":{"line":44,"column":24},"end":{"line":44,"column":null}},"type":"if","locations":[{"start":{"line":44,"column":24},"end":{"line":44,"column":null}},{"start":{},"end":{}}],"line":44},"14":{"loc":{"start":{"line":49,"column":32},"end":{"line":49,"column":71}},"type":"cond-expr","locations":[{"start":{"line":49,"column":59},"end":{"line":49,"column":65}},{"start":{"line":49,"column":65},"end":{"line":49,"column":71}}],"line":49},"15":{"loc":{"start":{"line":50,"column":12},"end":{"line":52,"column":null}},"type":"if","locations":[{"start":{"line":50,"column":12},"end":{"line":52,"column":null}},{"start":{},"end":{}}],"line":50}},"s":{"0":1,"1":0,"2":0,"3":0,"4":0,"5":0,"6":0,"7":0,"8":0,"9":0,"10":0,"11":0,"12":0,"13":0,"14":0,"15":0,"16":0,"17":0,"18":0,"19":0,"20":0,"21":0,"22":0,"23":0,"24":0,"25":0,"26":0,"27":0,"28":0,"29":0,"30":0,"31":0,"32":0,"33":0,"34":0,"35":0,"36":0,"37":0},"f":{"0":0,"1":0},"b":{"0":[0,0],"1":[0,0],"2":[0,0],"3":[0,0],"4":[0,0],"5":[0,0,0],"6":[0,0],"7":[0,0],"8":[0,0],"9":[0,0],"10":[0,0],"11":[0,0],"12":[0,0],"13":[0,0],"14":[0,0],"15":[0,0]},"meta":{"lastBranch":16,"lastFunction":2,"lastStatement":38,"seen":{"s:5:27:74:Infinity":0,"f:5:27:5:28":0,"s:6:17:6:Infinity":1,"s:7:16:7:Infinity":2,"b:7:16:7:34:7:34:7:Infinity":0,"s:8:16:8:Infinity":3,"b:8:16:8:34:8:34:8:Infinity":1,"s:9:18:9:Infinity":4,"b:9:18:9:38:9:38:9:Infinity":2,"s:11:38:11:Infinity":5,"s:13:4:62:Infinity":6,"f:13:14:13:20":1,"b:14:8:14:Infinity:undefined:undefined:undefined:undefined":3,"s:14:8:14:Infinity":7,"s:14:18:14:Infinity":8,"b:17:8:20:Infinity:undefined:undefined:undefined:undefined":4,"s:17:8:20:Infinity":9,"b:17:12:17:41:17:41:17:71:17:71:17:96":5,"s:18:12:18:Infinity":10,"s:19:12:19:Infinity":11,"b:23:8:26:Infinity:undefined:undefined:undefined:undefined":6,"s:23:8:26:Infinity":12,"s:24:12:24:Infinity":13,"s:25:12:25:Infinity":14,"s:28:27:28:Infinity":15,"s:31:27:31:Infinity":16,"b:31:27:31:50:31:50:31:Infinity":7,"b:33:8:53:Infinity:undefined:undefined:undefined:undefined":8,"s:33:8:53:Infinity":17,"b:35:12:52:Infinity:50:12:52:Infinity":9,"s:35:12:52:Infinity":18,"s:36:28:36:Infinity":19,"s:39:30:39:Infinity":20,"s:40:41:40:Infinity":21,"s:41:16:48:Infinity":22,"b:42:20:42:Infinity:undefined:undefined:undefined:undefined":10,"s:42:20:42:Infinity":23,"b:42:24:42:40:42:40:42:53":11,"s:42:53:42:Infinity":24,"b:43:20:47:Infinity:45:27:47:Infinity":12,"s:43:20:47:Infinity":25,"b:44:24:44:Infinity:undefined:undefined:undefined:undefined":13,"s:44:24:44:Infinity":26,"s:44:47:44:Infinity":27,"s:46:24:46:Infinity":28,"s:49:16:49:Infinity":29,"b:49:59:49:65:49:65:49:71":14,"b:50:12:52:Infinity:undefined:undefined:undefined:undefined":15,"s:50:12:52:Infinity":30,"s:51:16:51:Infinity":31,"s:55:8:61:Infinity":32,"s:56:18:56:Infinity":33,"s:57:12:57:Infinity":34,"s:59:12:59:Infinity":35,"s:60:12:60:Infinity":36,"s:64:4:72:Infinity":37}}}
,"/Users/raytiong/projects/glade/src/components/Editor.css": {"path":"/Users/raytiong/projects/glade/src/components/Editor.css","statementMap":{},"fnMap":{},"branchMap":{},"s":{},"f":{},"b":{},"meta":{"lastBranch":0,"lastFunction":0,"lastStatement":0,"seen":{}}}
,"/Users/raytiong/projects/glade/src/components/Editor.tsx": {"path":"/Users/raytiong/projects/glade/src/components/Editor.tsx","statementMap":{"0":{"start":{"line":21,"column":6},"end":{"line":208,"column":null}},"1":{"start":{"line":22,"column":14},"end":{"line":22,"column":null}},"2":{"start":{"line":24,"column":2},"end":{"line":123,"column":null}},"3":{"start":{"line":25,"column":20},"end":{"line":25,"column":null}},"4":{"start":{"line":28,"column":4},"end":{"line":117,"column":null}},"5":{"start":{"line":29,"column":12},"end":{"line":29,"column":null}},"6":{"start":{"line":30,"column":6},"end":{"line":114,"column":null}},"7":{"start":{"line":31,"column":8},"end":{"line":105,"column":null}},"8":{"start":{"line":32,"column":38},"end":{"line":32,"column":null}},"9":{"start":{"line":33,"column":10},"end":{"line":104,"column":null}},"10":{"start":{"line":34,"column":27},"end":{"line":34,"column":null}},"11":{"start":{"line":35,"column":12},"end":{"line":35,"column":null}},"12":{"start":{"line":35,"column":25},"end":{"line":35,"column":null}},"13":{"start":{"line":37,"column":12},"end":{"line":103,"column":null}},"14":{"start":{"line":38,"column":27},"end":{"line":38,"column":null}},"15":{"start":{"line":39,"column":31},"end":{"line":39,"column":null}},"16":{"start":{"line":40,"column":31},"end":{"line":40,"column":null}},"17":{"start":{"line":41,"column":28},"end":{"line":41,"column":null}},"18":{"start":{"line":42,"column":26},"end":{"line":42,"column":null}},"19":{"start":{"line":45,"column":30},"end":{"line":45,"column":null}},"20":{"start":{"line":47,"column":14},"end":{"line":101,"column":null}},"21":{"start":{"line":48,"column":16},"end":{"line":100,"column":null}},"22":{"start":{"line":49,"column":35},"end":{"line":49,"column":null}},"23":{"start":{"line":51,"column":34},"end":{"line":51,"column":null}},"24":{"start":{"line":52,"column":37},"end":{"line":52,"column":null}},"25":{"start":{"line":54,"column":18},"end":{"line":63,"column":null}},"26":{"start":{"line":55,"column":39},"end":{"line":55,"column":null}},"27":{"start":{"line":56,"column":20},"end":{"line":56,"column":null}},"28":{"start":{"line":57,"column":20},"end":{"line":57,"column":null}},"29":{"start":{"line":58,"column":18},"end":{"line":63,"column":null}},"30":{"start":{"line":59,"column":20},"end":{"line":59,"column":null}},"31":{"start":{"line":60,"column":20},"end":{"line":60,"column":null}},"32":{"start":{"line":62,"column":20},"end":{"line":62,"column":null}},"33":{"start":{"line":65,"column":18},"end":{"line":69,"column":null}},"34":{"start":{"line":66,"column":20},"end":{"line":66,"column":null}},"35":{"start":{"line":71,"column":37},"end":{"line":71,"column":null}},"36":{"start":{"line":72,"column":18},"end":{"line":72,"column":null}},"37":{"start":{"line":74,"column":34},"end":{"line":74,"column":null}},"38":{"start":{"line":76,"column":27},"end":{"line":76,"column":null}},"39":{"start":{"line":77,"column":18},"end":{"line":91,"column":null}},"40":{"start":{"line":78,"column":38},"end":{"line":78,"column":null}},"41":{"start":{"line":79,"column":20},"end":{"line":83,"column":null}},"42":{"start":{"line":80,"column":35},"end":{"line":80,"column":null}},"43":{"start":{"line":81,"column":22},"end":{"line":81,"column":null}},"44":{"start":{"line":82,"column":22},"end":{"line":82,"column":null}},"45":{"start":{"line":85,"column":37},"end":{"line":85,"column":null}},"46":{"start":{"line":86,"column":20},"end":{"line":90,"column":null}},"47":{"start":{"line":87,"column":39},"end":{"line":87,"column":null}},"48":{"start":{"line":88,"column":22},"end":{"line":88,"column":null}},"49":{"start":{"line":89,"column":22},"end":{"line":89,"column":null}},"50":{"start":{"line":93,"column":36},"end":{"line":93,"column":null}},"51":{"start":{"line":94,"column":18},"end":{"line":94,"column":null}},"52":{"start":{"line":95,"column":18},"end":{"line":95,"column":null}},"53":{"start":{"line":97,"column":18},"end":{"line":97,"column":null}},"54":{"start":{"line":99,"column":18},"end":{"line":99,"column":null}},"55":{"start":{"line":102,"column":14},"end":{"line":102,"column":null}},"56":{"start":{"line":107,"column":8},"end":{"line":111,"column":null}},"57":{"start":{"line":108,"column":10},"end":{"line":108,"column":null}},"58":{"start":{"line":110,"column":10},"end":{"line":110,"column":null}},"59":{"start":{"line":113,"column":8},"end":{"line":113,"column":null}},"60":{"start":{"line":116,"column":6},"end":{"line":116,"column":null}},"61":{"start":{"line":119,"column":4},"end":{"line":122,"column":null}},"62":{"start":{"line":120,"column":6},"end":{"line":120,"column":null}},"63":{"start":{"line":121,"column":6},"end":{"line":121,"column":null}},"64":{"start":{"line":121,"column":22},"end":{"line":121,"column":null}},"65":{"start":{"line":125,"column":2},"end":{"line":162,"column":null}},"66":{"start":{"line":125,"column":34},"end":{"line":162,"column":4}},"67":{"start":{"line":127,"column":21},"end":{"line":127,"column":null}},"68":{"start":{"line":128,"column":6},"end":{"line":128,"column":null}},"69":{"start":{"line":128,"column":19},"end":{"line":128,"column":null}},"70":{"start":{"line":129,"column":6},"end":{"line":136,"column":null}},"71":{"start":{"line":130,"column":21},"end":{"line":130,"column":null}},"72":{"start":{"line":131,"column":36},"end":{"line":131,"column":null}},"73":{"start":{"line":132,"column":25},"end":{"line":132,"column":null}},"74":{"start":{"line":133,"column":19},"end":{"line":133,"column":null}},"75":{"start":{"line":134,"column":8},"end":{"line":134,"column":null}},"76":{"start":{"line":135,"column":8},"end":{"line":135,"column":null}},"77":{"start":{"line":139,"column":21},"end":{"line":139,"column":null}},"78":{"start":{"line":140,"column":6},"end":{"line":140,"column":null}},"79":{"start":{"line":140,"column":19},"end":{"line":140,"column":null}},"80":{"start":{"line":141,"column":6},"end":{"line":160,"column":null}},"81":{"start":{"line":142,"column":21},"end":{"line":142,"column":null}},"82":{"start":{"line":143,"column":24},"end":{"line":143,"column":null}},"83":{"start":{"line":144,"column":8},"end":{"line":153,"column":null}},"84":{"start":{"line":145,"column":10},"end":{"line":152,"column":null}},"85":{"start":{"line":146,"column":25},"end":{"line":146,"column":null}},"86":{"start":{"line":147,"column":23},"end":{"line":147,"column":null}},"87":{"start":{"line":148,"column":12},"end":{"line":151,"column":null}},"88":{"start":{"line":149,"column":14},"end":{"line":149,"column":null}},"89":{"start":{"line":150,"column":14},"end":{"line":150,"column":null}},"90":{"start":{"line":154,"column":8},"end":{"line":159,"column":null}},"91":{"start":{"line":155,"column":22},"end":{"line":155,"column":null}},"92":{"start":{"line":156,"column":10},"end":{"line":158,"column":null}},"93":{"start":{"line":157,"column":12},"end":{"line":157,"column":null}},"94":{"start":{"line":164,"column":8},"end":{"line":164,"column":null}},"95":{"start":{"line":166,"column":2},"end":{"line":198,"column":null}},"96":{"start":{"line":167,"column":22},"end":{"line":167,"column":null}},"97":{"start":{"line":168,"column":4},"end":{"line":168,"column":null}},"98":{"start":{"line":168,"column":20},"end":{"line":168,"column":null}},"99":{"start":{"line":170,"column":25},"end":{"line":191,"column":null}},"100":{"start":{"line":171,"column":6},"end":{"line":171,"column":null}},"101":{"start":{"line":171,"column":40},"end":{"line":171,"column":null}},"102":{"start":{"line":172,"column":23},"end":{"line":172,"column":null}},"103":{"start":{"line":173,"column":21},"end":{"line":173,"column":null}},"104":{"start":{"line":174,"column":6},"end":{"line":183,"column":null}},"105":{"start":{"line":174,"column":19},"end":{"line":174,"column":22}},"106":{"start":{"line":175,"column":19},"end":{"line":175,"column":null}},"107":{"start":{"line":176,"column":21},"end":{"line":176,"column":null}},"108":{"start":{"line":178,"column":8},"end":{"line":182,"column":null}},"109":{"start":{"line":179,"column":10},"end":{"line":179,"column":null}},"110":{"start":{"line":181,"column":10},"end":{"line":181,"column":null}},"111":{"start":{"line":186,"column":6},"end":{"line":188,"column":null}},"112":{"start":{"line":187,"column":8},"end":{"line":187,"column":null}},"113":{"start":{"line":190,"column":6},"end":{"line":190,"column":null}},"114":{"start":{"line":193,"column":4},"end":{"line":193,"column":null}},"115":{"start":{"line":195,"column":4},"end":{"line":195,"column":null}},"116":{"start":{"line":197,"column":4},"end":{"line":197,"column":null}},"117":{"start":{"line":197,"column":17},"end":{"line":197,"column":null}},"118":{"start":{"line":200,"column":2},"end":{"line":206,"column":null}},"119":{"start":{"line":210,"column":13},"end":{"line":218,"column":null}},"120":{"start":{"line":211,"column":2},"end":{"line":216,"column":null}}},"fnMap":{"0":{"name":"(anonymous_0)","decl":{"start":{"line":21,"column":60},"end":{"line":21,"column":61}},"loc":{"start":{"line":21,"column":76},"end":{"line":208,"column":1}},"line":21},"1":{"name":"(anonymous_1)","decl":{"start":{"line":24,"column":12},"end":{"line":24,"column":18}},"loc":{"start":{"line":24,"column":18},"end":{"line":123,"column":5}},"line":24},"2":{"name":"(anonymous_2)","decl":{"start":{"line":30,"column":30},"end":{"line":30,"column":31}},"loc":{"start":{"line":30,"column":41},"end":{"line":106,"column":7}},"line":30},"3":{"name":"(anonymous_3)","decl":{"start":{"line":37,"column":26},"end":{"line":37,"column":33}},"loc":{"start":{"line":37,"column":41},"end":{"line":103,"column":13}},"line":37},"4":{"name":"(anonymous_4)","decl":{"start":{"line":106,"column":14},"end":{"line":106,"column":20}},"loc":{"start":{"line":106,"column":20},"end":{"line":112,"column":7}},"line":106},"5":{"name":"(anonymous_5)","decl":{"start":{"line":112,"column":15},"end":{"line":112,"column":22}},"loc":{"start":{"line":112,"column":22},"end":{"line":114,"column":7}},"line":112},"6":{"name":"(anonymous_6)","decl":{"start":{"line":119,"column":11},"end":{"line":119,"column":17}},"loc":{"start":{"line":119,"column":17},"end":{"line":122,"column":null}},"line":119},"7":{"name":"(anonymous_7)","decl":{"start":{"line":125,"column":27},"end":{"line":125,"column":34}},"loc":{"start":{"line":125,"column":34},"end":{"line":162,"column":4}},"line":125},"8":{"name":"(anonymous_8)","decl":{"start":{"line":126,"column":16},"end":{"line":126,"column":17}},"loc":{"start":{"line":126,"column":26},"end":{"line":137,"column":null}},"line":126},"9":{"name":"(anonymous_9)","decl":{"start":{"line":129,"column":20},"end":{"line":129,"column":21}},"loc":{"start":{"line":129,"column":29},"end":{"line":136,"column":7}},"line":129},"10":{"name":"(anonymous_10)","decl":{"start":{"line":138,"column":20},"end":{"line":138,"column":21}},"loc":{"start":{"line":138,"column":30},"end":{"line":161,"column":null}},"line":138},"11":{"name":"(anonymous_11)","decl":{"start":{"line":141,"column":20},"end":{"line":141,"column":21}},"loc":{"start":{"line":141,"column":29},"end":{"line":160,"column":7}},"line":141},"12":{"name":"(anonymous_12)","decl":{"start":{"line":144,"column":35},"end":{"line":144,"column":36}},"loc":{"start":{"line":144,"column":50},"end":{"line":153,"column":9}},"line":144},"13":{"name":"(anonymous_13)","decl":{"start":{"line":166,"column":12},"end":{"line":166,"column":18}},"loc":{"start":{"line":166,"column":18},"end":{"line":198,"column":5}},"line":166},"14":{"name":"(anonymous_14)","decl":{"start":{"line":170,"column":25},"end":{"line":170,"column":31}},"loc":{"start":{"line":170,"column":31},"end":{"line":191,"column":null}},"line":170},"15":{"name":"(anonymous_15)","decl":{"start":{"line":197,"column":11},"end":{"line":197,"column":17}},"loc":{"start":{"line":197,"column":17},"end":{"line":197,"column":null}},"line":197},"16":{"name":"(anonymous_16)","decl":{"start":{"line":210,"column":65},"end":{"line":210,"column":66}},"loc":{"start":{"line":210,"column":81},"end":{"line":218,"column":1}},"line":210}},"branchMap":{"0":{"loc":{"start":{"line":31,"column":8},"end":{"line":105,"column":null}},"type":"if","locations":[{"start":{"line":31,"column":8},"end":{"line":105,"column":null}},{"start":{},"end":{}}],"line":31},"1":{"loc":{"start":{"line":33,"column":10},"end":{"line":104,"column":null}},"type":"if","locations":[{"start":{"line":33,"column":10},"end":{"line":104,"column":null}},{"start":{},"end":{}}],"line":33},"2":{"loc":{"start":{"line":33,"column":14},"end":{"line":33,"column":41}},"type":"binary-expr","locations":[{"start":{"line":33,"column":14},"end":{"line":33,"column":23}},{"start":{"line":33,"column":23},"end":{"line":33,"column":41}}],"line":33},"3":{"loc":{"start":{"line":35,"column":12},"end":{"line":35,"column":null}},"type":"if","locations":[{"start":{"line":35,"column":12},"end":{"line":35,"column":null}},{"start":{},"end":{}}],"line":35},"4":{"loc":{"start":{"line":42,"column":26},"end":{"line":42,"column":null}},"type":"cond-expr","locations":[{"start":{"line":42,"column":34},"end":{"line":42,"column":46}},{"start":{"line":42,"column":46},"end":{"line":42,"column":null}}],"line":42},"5":{"loc":{"start":{"line":54,"column":18},"end":{"line":63,"column":null}},"type":"if","locations":[{"start":{"line":54,"column":18},"end":{"line":63,"column":null}},{"start":{"line":58,"column":18},"end":{"line":63,"column":null}}],"line":54},"6":{"loc":{"start":{"line":58,"column":18},"end":{"line":63,"column":null}},"type":"if","locations":[{"start":{"line":58,"column":18},"end":{"line":63,"column":null}},{"start":{"line":61,"column":25},"end":{"line":63,"column":null}}],"line":58},"7":{"loc":{"start":{"line":77,"column":18},"end":{"line":91,"column":null}},"type":"if","locations":[{"start":{"line":77,"column":18},"end":{"line":91,"column":null}},{"start":{"line":84,"column":25},"end":{"line":91,"column":null}}],"line":77},"8":{"loc":{"start":{"line":79,"column":20},"end":{"line":83,"column":null}},"type":"if","locations":[{"start":{"line":79,"column":20},"end":{"line":83,"column":null}},{"start":{},"end":{}}],"line":79},"9":{"loc":{"start":{"line":86,"column":20},"end":{"line":90,"column":null}},"type":"if","locations":[{"start":{"line":86,"column":20},"end":{"line":90,"column":null}},{"start":{},"end":{}}],"line":86},"10":{"loc":{"start":{"line":107,"column":8},"end":{"line":111,"column":null}},"type":"if","locations":[{"start":{"line":107,"column":8},"end":{"line":111,"column":null}},{"start":{"line":109,"column":15},"end":{"line":111,"column":null}}],"line":107},"11":{"loc":{"start":{"line":121,"column":6},"end":{"line":121,"column":null}},"type":"if","locations":[{"start":{"line":121,"column":6},"end":{"line":121,"column":null}},{"start":{},"end":{}}],"line":121},"12":{"loc":{"start":{"line":128,"column":6},"end":{"line":128,"column":null}},"type":"if","locations":[{"start":{"line":128,"column":6},"end":{"line":128,"column":null}},{"start":{},"end":{}}],"line":128},"13":{"loc":{"start":{"line":140,"column":6},"end":{"line":140,"column":null}},"type":"if","locations":[{"start":{"line":140,"column":6},"end":{"line":140,"column":null}},{"start":{},"end":{}}],"line":140},"14":{"loc":{"start":{"line":145,"column":10},"end":{"line":152,"column":null}},"type":"if","locations":[{"start":{"line":145,"column":10},"end":{"line":152,"column":null}},{"start":{},"end":{}}],"line":145},"15":{"loc":{"start":{"line":148,"column":12},"end":{"line":151,"column":null}},"type":"if","locations":[{"start":{"line":148,"column":12},"end":{"line":151,"column":null}},{"start":{},"end":{}}],"line":148},"16":{"loc":{"start":{"line":154,"column":8},"end":{"line":159,"column":null}},"type":"if","locations":[{"start":{"line":154,"column":8},"end":{"line":159,"column":null}},{"start":{},"end":{}}],"line":154},"17":{"loc":{"start":{"line":156,"column":10},"end":{"line":158,"column":null}},"type":"if","locations":[{"start":{"line":156,"column":10},"end":{"line":158,"column":null}},{"start":{},"end":{}}],"line":156},"18":{"loc":{"start":{"line":156,"column":14},"end":{"line":156,"column":49}},"type":"binary-expr","locations":[{"start":{"line":156,"column":14},"end":{"line":156,"column":21}},{"start":{"line":156,"column":21},"end":{"line":156,"column":49}}],"line":156},"19":{"loc":{"start":{"line":168,"column":4},"end":{"line":168,"column":null}},"type":"if","locations":[{"start":{"line":168,"column":4},"end":{"line":168,"column":null}},{"start":{},"end":{}}],"line":168},"20":{"loc":{"start":{"line":171,"column":6},"end":{"line":171,"column":null}},"type":"if","locations":[{"start":{"line":171,"column":6},"end":{"line":171,"column":null}},{"start":{},"end":{}}],"line":171},"21":{"loc":{"start":{"line":178,"column":8},"end":{"line":182,"column":null}},"type":"if","locations":[{"start":{"line":178,"column":8},"end":{"line":182,"column":null}},{"start":{"line":180,"column":15},"end":{"line":182,"column":null}}],"line":178},"22":{"loc":{"start":{"line":179,"column":21},"end":{"line":179,"column":null}},"type":"binary-expr","locations":[{"start":{"line":179,"column":21},"end":{"line":179,"column":100}},{"start":{"line":179,"column":100},"end":{"line":179,"column":null}}],"line":179},"23":{"loc":{"start":{"line":186,"column":6},"end":{"line":188,"column":null}},"type":"if","locations":[{"start":{"line":186,"column":6},"end":{"line":188,"column":null}},{"start":{},"end":{}}],"line":186},"24":{"loc":{"start":{"line":186,"column":10},"end":{"line":186,"column":44}},"type":"binary-expr","locations":[{"start":{"line":186,"column":10},"end":{"line":186,"column":23}},{"start":{"line":186,"column":23},"end":{"line":186,"column":44}}],"line":186},"25":{"loc":{"start":{"line":187,"column":19},"end":{"line":187,"column":null}},"type":"binary-expr","locations":[{"start":{"line":187,"column":19},"end":{"line":187,"column":107}},{"start":{"line":187,"column":107},"end":{"line":187,"column":null}}],"line":187},"26":{"loc":{"start":{"line":204,"column":35},"end":{"line":204,"column":62}},"type":"binary-expr","locations":[{"start":{"line":204,"column":35},"end":{"line":204,"column":58}},{"start":{"line":204,"column":58},"end":{"line":204,"column":62}}],"line":204}},"s":{"0":1,"1":7,"2":7,"3":7,"4":7,"5":7,"6":7,"7":0,"8":0,"9":0,"10":0,"11":0,"12":0,"13":0,"14":0,"15":0,"16":0,"17":0,"18":0,"19":0,"20":0,"21":0,"22":0,"23":0,"24":0,"25":0,"26":0,"27":0,"28":0,"29":0,"30":0,"31":0,"32":0,"33":0,"34":0,"35":0,"36":0,"37":0,"38":0,"39":0,"40":0,"41":0,"42":0,"43":0,"44":0,"45":0,"46":0,"47":0,"48":0,"49":0,"50":0,"51":0,"52":0,"53":0,"54":0,"55":0,"56":7,"57":2,"58":5,"59":0,"60":0,"61":7,"62":7,"63":7,"64":5,"65":7,"66":0,"67":0,"68":0,"69":0,"70":0,"71":0,"72":0,"73":0,"74":0,"75":0,"76":0,"77":0,"78":0,"79":0,"80":0,"81":0,"82":0,"83":0,"84":0,"85":0,"86":0,"87":0,"88":0,"89":0,"90":0,"91":0,"92":0,"93":0,"94":7,"95":7,"96":2,"97":2,"98":0,"99":2,"100":2,"101":2,"102":0,"103":0,"104":0,"105":0,"106":0,"107":0,"108":0,"109":0,"110":0,"111":0,"112":0,"113":0,"114":2,"115":2,"116":2,"117":2,"118":7,"119":1,"120":5},"f":{"0":7,"1":7,"2":0,"3":0,"4":7,"5":0,"6":7,"7":0,"8":0,"9":0,"10":0,"11":0,"12":0,"13":2,"14":2,"15":2,"16":5},"b":{"0":[0,0],"1":[0,0],"2":[0,0],"3":[0,0],"4":[0,0],"5":[0,0],"6":[0,0],"7":[0,0],"8":[0,0],"9":[0,0],"10":[2,5],"11":[5,2],"12":[0,0],"13":[0,0],"14":[0,0],"15":[0,0],"16":[0,0],"17":[0,0],"18":[0,0],"19":[0,2],"20":[2,0],"21":[0,0],"22":[0,0],"23":[0,0],"24":[0,0],"25":[0,0],"26":[7,0]},"meta":{"lastBranch":27,"lastFunction":17,"lastStatement":121,"seen":{"s:21:6:208:Infinity":0,"f:21:60:21:61":0,"s:22:14:22:Infinity":1,"s:24:2:123:Infinity":2,"f:24:12:24:18":1,"s:25:20:25:Infinity":3,"s:28:4:117:Infinity":4,"s:29:12:29:Infinity":5,"s:30:6:114:Infinity":6,"f:30:30:30:31":2,"b:31:8:105:Infinity:undefined:undefined:undefined:undefined":0,"s:31:8:105:Infinity":7,"s:32:38:32:Infinity":8,"b:33:10:104:Infinity:undefined:undefined:undefined:undefined":1,"s:33:10:104:Infinity":9,"b:33:14:33:23:33:23:33:41":2,"s:34:27:34:Infinity":10,"b:35:12:35:Infinity:undefined:undefined:undefined:undefined":3,"s:35:12:35:Infinity":11,"s:35:25:35:Infinity":12,"s:37:12:103:Infinity":13,"f:37:26:37:33":3,"s:38:27:38:Infinity":14,"s:39:31:39:Infinity":15,"s:40:31:40:Infinity":16,"s:41:28:41:Infinity":17,"s:42:26:42:Infinity":18,"b:42:34:42:46:42:46:42:Infinity":4,"s:45:30:45:Infinity":19,"s:47:14:101:Infinity":20,"s:48:16:100:Infinity":21,"s:49:35:49:Infinity":22,"s:51:34:51:Infinity":23,"s:52:37:52:Infinity":24,"b:54:18:63:Infinity:58:18:63:Infinity":5,"s:54:18:63:Infinity":25,"s:55:39:55:Infinity":26,"s:56:20:56:Infinity":27,"s:57:20:57:Infinity":28,"b:58:18:63:Infinity:61:25:63:Infinity":6,"s:58:18:63:Infinity":29,"s:59:20:59:Infinity":30,"s:60:20:60:Infinity":31,"s:62:20:62:Infinity":32,"s:65:18:69:Infinity":33,"s:66:20:66:Infinity":34,"s:71:37:71:Infinity":35,"s:72:18:72:Infinity":36,"s:74:34:74:Infinity":37,"s:76:27:76:Infinity":38,"b:77:18:91:Infinity:84:25:91:Infinity":7,"s:77:18:91:Infinity":39,"s:78:38:78:Infinity":40,"b:79:20:83:Infinity:undefined:undefined:undefined:undefined":8,"s:79:20:83:Infinity":41,"s:80:35:80:Infinity":42,"s:81:22:81:Infinity":43,"s:82:22:82:Infinity":44,"s:85:37:85:Infinity":45,"b:86:20:90:Infinity:undefined:undefined:undefined:undefined":9,"s:86:20:90:Infinity":46,"s:87:39:87:Infinity":47,"s:88:22:88:Infinity":48,"s:89:22:89:Infinity":49,"s:93:36:93:Infinity":50,"s:94:18:94:Infinity":51,"s:95:18:95:Infinity":52,"s:97:18:97:Infinity":53,"s:99:18:99:Infinity":54,"s:102:14:102:Infinity":55,"f:106:14:106:20":4,"b:107:8:111:Infinity:109:15:111:Infinity":10,"s:107:8:111:Infinity":56,"s:108:10:108:Infinity":57,"s:110:10:110:Infinity":58,"f:112:15:112:22":5,"s:113:8:113:Infinity":59,"s:116:6:116:Infinity":60,"s:119:4:122:Infinity":61,"f:119:11:119:17":6,"s:120:6:120:Infinity":62,"b:121:6:121:Infinity:undefined:undefined:undefined:undefined":11,"s:121:6:121:Infinity":63,"s:121:22:121:Infinity":64,"s:125:2:162:Infinity":65,"f:125:27:125:34":7,"s:125:34:162:4":66,"f:126:16:126:17":8,"s:127:21:127:Infinity":67,"b:128:6:128:Infinity:undefined:undefined:undefined:undefined":12,"s:128:6:128:Infinity":68,"s:128:19:128:Infinity":69,"s:129:6:136:Infinity":70,"f:129:20:129:21":9,"s:130:21:130:Infinity":71,"s:131:36:131:Infinity":72,"s:132:25:132:Infinity":73,"s:133:19:133:Infinity":74,"s:134:8:134:Infinity":75,"s:135:8:135:Infinity":76,"f:138:20:138:21":10,"s:139:21:139:Infinity":77,"b:140:6:140:Infinity:undefined:undefined:undefined:undefined":13,"s:140:6:140:Infinity":78,"s:140:19:140:Infinity":79,"s:141:6:160:Infinity":80,"f:141:20:141:21":11,"s:142:21:142:Infinity":81,"s:143:24:143:Infinity":82,"s:144:8:153:Infinity":83,"f:144:35:144:36":12,"b:145:10:152:Infinity:undefined:undefined:undefined:undefined":14,"s:145:10:152:Infinity":84,"s:146:25:146:Infinity":85,"s:147:23:147:Infinity":86,"b:148:12:151:Infinity:undefined:undefined:undefined:undefined":15,"s:148:12:151:Infinity":87,"s:149:14:149:Infinity":88,"s:150:14:150:Infinity":89,"b:154:8:159:Infinity:undefined:undefined:undefined:undefined":16,"s:154:8:159:Infinity":90,"s:155:22:155:Infinity":91,"b:156:10:158:Infinity:undefined:undefined:undefined:undefined":17,"s:156:10:158:Infinity":92,"b:156:14:156:21:156:21:156:49":18,"s:157:12:157:Infinity":93,"s:164:8:164:Infinity":94,"s:166:2:198:Infinity":95,"f:166:12:166:18":13,"s:167:22:167:Infinity":96,"b:168:4:168:Infinity:undefined:undefined:undefined:undefined":19,"s:168:4:168:Infinity":97,"s:168:20:168:Infinity":98,"s:170:25:191:Infinity":99,"f:170:25:170:31":14,"b:171:6:171:Infinity:undefined:undefined:undefined:undefined":20,"s:171:6:171:Infinity":100,"s:171:40:171:Infinity":101,"s:172:23:172:Infinity":102,"s:173:21:173:Infinity":103,"s:174:6:183:Infinity":104,"s:174:19:174:22":105,"s:175:19:175:Infinity":106,"s:176:21:176:Infinity":107,"b:178:8:182:Infinity:180:15:182:Infinity":21,"s:178:8:182:Infinity":108,"s:179:10:179:Infinity":109,"b:179:21:179:100:179:100:179:Infinity":22,"s:181:10:181:Infinity":110,"b:186:6:188:Infinity:undefined:undefined:undefined:undefined":23,"s:186:6:188:Infinity":111,"b:186:10:186:23:186:23:186:44":24,"s:187:8:187:Infinity":112,"b:187:19:187:107:187:107:187:Infinity":25,"s:190:6:190:Infinity":113,"s:193:4:193:Infinity":114,"s:195:4:195:Infinity":115,"s:197:4:197:Infinity":116,"f:197:11:197:17":15,"s:197:17:197:Infinity":117,"s:200:2:206:Infinity":118,"b:204:35:204:58:204:58:204:62":26,"s:210:13:218:Infinity":119,"f:210:65:210:66":16,"s:211:2:216:Infinity":120}}}
,"/Users/raytiong/projects/glade/src/components/EmojiPicker.tsx": {"path":"/Users/raytiong/projects/glade/src/components/EmojiPicker.tsx","statementMap":{"0":{"start":{"line":8,"column":27},"end":{"line":150,"column":null}},"1":{"start":{"line":9,"column":10},"end":{"line":9,"column":null}},"2":{"start":{"line":10,"column":28},"end":{"line":10,"column":null}},"3":{"start":{"line":11,"column":10},"end":{"line":11,"column":null}},"4":{"start":{"line":12,"column":29},"end":{"line":12,"column":null}},"5":{"start":{"line":13,"column":28},"end":{"line":13,"column":null}},"6":{"start":{"line":14,"column":42},"end":{"line":14,"column":null}},"7":{"start":{"line":16,"column":10},"end":{"line":22,"column":null}},"8":{"start":{"line":17,"column":8},"end":{"line":17,"column":null}},"9":{"start":{"line":17,"column":21},"end":{"line":17,"column":null}},"10":{"start":{"line":18,"column":18},"end":{"line":18,"column":null}},"11":{"start":{"line":19,"column":8},"end":{"line":21,"column":null}},"12":{"start":{"line":20,"column":12},"end":{"line":20,"column":null}},"13":{"start":{"line":20,"column":43},"end":{"line":20,"column":59}},"14":{"start":{"line":20,"column":86},"end":{"line":20,"column":101}},"15":{"start":{"line":24,"column":4},"end":{"line":45,"column":null}},"16":{"start":{"line":25,"column":8},"end":{"line":25,"column":null}},"17":{"start":{"line":25,"column":26},"end":{"line":25,"column":null}},"18":{"start":{"line":26,"column":25},"end":{"line":38,"column":null}},"19":{"start":{"line":30,"column":38},"end":{"line":30,"column":null}},"20":{"start":{"line":31,"column":16},"end":{"line":31,"column":null}},"21":{"start":{"line":31,"column":38},"end":{"line":31,"column":null}},"22":{"start":{"line":32,"column":30},"end":{"line":32,"column":null}},"23":{"start":{"line":33,"column":29},"end":{"line":33,"column":null}},"24":{"start":{"line":34,"column":16},"end":{"line":34,"column":null}},"25":{"start":{"line":34,"column":61},"end":{"line":34,"column":null}},"26":{"start":{"line":35,"column":32},"end":{"line":35,"column":null}},"27":{"start":{"line":36,"column":16},"end":{"line":36,"column":null}},"28":{"start":{"line":39,"column":8},"end":{"line":39,"column":null}},"29":{"start":{"line":41,"column":8},"end":{"line":44,"column":null}},"30":{"start":{"line":42,"column":12},"end":{"line":42,"column":null}},"31":{"start":{"line":43,"column":12},"end":{"line":43,"column":null}},"32":{"start":{"line":47,"column":4},"end":{"line":69,"column":null}},"33":{"start":{"line":48,"column":8},"end":{"line":68,"column":null}},"34":{"start":{"line":49,"column":12},"end":{"line":49,"column":null}},"35":{"start":{"line":52,"column":34},"end":{"line":52,"column":null}},"36":{"start":{"line":53,"column":12},"end":{"line":64,"column":null}},"37":{"start":{"line":54,"column":30},"end":{"line":54,"column":null}},"38":{"start":{"line":55,"column":29},"end":{"line":55,"column":null}},"39":{"start":{"line":56,"column":16},"end":{"line":63,"column":null}},"40":{"start":{"line":57,"column":36},"end":{"line":57,"column":null}},"41":{"start":{"line":58,"column":34},"end":{"line":58,"column":null}},"42":{"start":{"line":59,"column":20},"end":{"line":62,"column":null}},"43":{"start":{"line":60,"column":24},"end":{"line":60,"column":null}},"44":{"start":{"line":61,"column":24},"end":{"line":61,"column":null}},"45":{"start":{"line":66,"column":12},"end":{"line":66,"column":null}},"46":{"start":{"line":67,"column":12},"end":{"line":67,"column":null}},"47":{"start":{"line":71,"column":4},"end":{"line":73,"column":null}},"48":{"start":{"line":72,"column":8},"end":{"line":72,"column":null}},"49":{"start":{"line":75,"column":25},"end":{"line":95,"column":null}},"50":{"start":{"line":76,"column":8},"end":{"line":76,"column":null}},"51":{"start":{"line":76,"column":21},"end":{"line":76,"column":null}},"52":{"start":{"line":77,"column":8},"end":{"line":91,"column":null}},"53":{"start":{"line":78,"column":22},"end":{"line":78,"column":null}},"54":{"start":{"line":79,"column":40},"end":{"line":79,"column":null}},"55":{"start":{"line":81,"column":24},"end":{"line":81,"column":null}},"56":{"start":{"line":84,"column":21},"end":{"line":84,"column":null}},"57":{"start":{"line":87,"column":12},"end":{"line":87,"column":null}},"58":{"start":{"line":88,"column":12},"end":{"line":88,"column":null}},"59":{"start":{"line":90,"column":12},"end":{"line":90,"column":null}},"60":{"start":{"line":92,"column":8},"end":{"line":94,"column":null}},"61":{"start":{"line":93,"column":12},"end":{"line":93,"column":null}},"62":{"start":{"line":97,"column":4},"end":{"line":126,"column":null}},"63":{"start":{"line":98,"column":30},"end":{"line":120,"column":null}},"64":{"start":{"line":99,"column":12},"end":{"line":99,"column":null}},"65":{"start":{"line":99,"column":72},"end":{"line":99,"column":null}},"66":{"start":{"line":101,"column":12},"end":{"line":119,"column":null}},"67":{"start":{"line":102,"column":16},"end":{"line":102,"column":null}},"68":{"start":{"line":103,"column":16},"end":{"line":103,"column":null}},"69":{"start":{"line":104,"column":16},"end":{"line":104,"column":null}},"70":{"start":{"line":104,"column":34},"end":{"line":104,"column":62}},"71":{"start":{"line":105,"column":12},"end":{"line":119,"column":null}},"72":{"start":{"line":106,"column":16},"end":{"line":106,"column":null}},"73":{"start":{"line":107,"column":16},"end":{"line":107,"column":null}},"74":{"start":{"line":108,"column":16},"end":{"line":108,"column":null}},"75":{"start":{"line":108,"column":34},"end":{"line":108,"column":77}},"76":{"start":{"line":109,"column":12},"end":{"line":119,"column":null}},"77":{"start":{"line":110,"column":16},"end":{"line":110,"column":null}},"78":{"start":{"line":111,"column":16},"end":{"line":111,"column":null}},"79":{"start":{"line":112,"column":16},"end":{"line":114,"column":null}},"80":{"start":{"line":113,"column":20},"end":{"line":113,"column":null}},"81":{"start":{"line":115,"column":12},"end":{"line":119,"column":null}},"82":{"start":{"line":116,"column":16},"end":{"line":116,"column":null}},"83":{"start":{"line":117,"column":16},"end":{"line":117,"column":null}},"84":{"start":{"line":118,"column":16},"end":{"line":118,"column":null}},"85":{"start":{"line":122,"column":8},"end":{"line":122,"column":null}},"86":{"start":{"line":123,"column":8},"end":{"line":125,"column":null}},"87":{"start":{"line":124,"column":12},"end":{"line":124,"column":null}},"88":{"start":{"line":128,"column":4},"end":{"line":148,"column":null}},"89":{"start":{"line":134,"column":20},"end":{"line":145,"column":null}},"90":{"start":{"line":137,"column":28},"end":{"line":137,"column":null}},"91":{"start":{"line":138,"column":28},"end":{"line":138,"column":null}}},"fnMap":{"0":{"name":"(anonymous_0)","decl":{"start":{"line":8,"column":27},"end":{"line":8,"column":33}},"loc":{"start":{"line":8,"column":33},"end":{"line":150,"column":null}},"line":8},"1":{"name":"(anonymous_1)","decl":{"start":{"line":16,"column":26},"end":{"line":16,"column":32}},"loc":{"start":{"line":16,"column":32},"end":{"line":22,"column":7}},"line":16},"2":{"name":"(anonymous_2)","decl":{"start":{"line":19,"column":29},"end":{"line":19,"column":37}},"loc":{"start":{"line":19,"column":37},"end":{"line":21,"column":9}},"line":19},"3":{"name":"(anonymous_3)","decl":{"start":{"line":20,"column":35},"end":{"line":20,"column":43}},"loc":{"start":{"line":20,"column":43},"end":{"line":20,"column":59}},"line":20},"4":{"name":"(anonymous_4)","decl":{"start":{"line":20,"column":79},"end":{"line":20,"column":86}},"loc":{"start":{"line":20,"column":86},"end":{"line":20,"column":101}},"line":20},"5":{"name":"(anonymous_5)","decl":{"start":{"line":24,"column":14},"end":{"line":24,"column":20}},"loc":{"start":{"line":24,"column":20},"end":{"line":45,"column":7}},"line":24},"6":{"name":"(anonymous_6)","decl":{"start":{"line":29,"column":24},"end":{"line":29,"column":25}},"loc":{"start":{"line":29,"column":34},"end":{"line":37,"column":null}},"line":29},"7":{"name":"(anonymous_7)","decl":{"start":{"line":41,"column":15},"end":{"line":41,"column":21}},"loc":{"start":{"line":41,"column":21},"end":{"line":44,"column":null}},"line":41},"8":{"name":"(anonymous_8)","decl":{"start":{"line":47,"column":14},"end":{"line":47,"column":20}},"loc":{"start":{"line":47,"column":20},"end":{"line":69,"column":7}},"line":47},"9":{"name":"(anonymous_9)","decl":{"start":{"line":71,"column":14},"end":{"line":71,"column":20}},"loc":{"start":{"line":71,"column":20},"end":{"line":73,"column":7}},"line":71},"10":{"name":"(anonymous_10)","decl":{"start":{"line":75,"column":25},"end":{"line":75,"column":26}},"loc":{"start":{"line":75,"column":53},"end":{"line":95,"column":null}},"line":75},"11":{"name":"(anonymous_11)","decl":{"start":{"line":77,"column":27},"end":{"line":77,"column":28}},"loc":{"start":{"line":77,"column":36},"end":{"line":91,"column":9}},"line":77},"12":{"name":"(anonymous_12)","decl":{"start":{"line":97,"column":14},"end":{"line":97,"column":20}},"loc":{"start":{"line":97,"column":20},"end":{"line":126,"column":7}},"line":97},"13":{"name":"(anonymous_13)","decl":{"start":{"line":98,"column":30},"end":{"line":98,"column":31}},"loc":{"start":{"line":98,"column":52},"end":{"line":120,"column":null}},"line":98},"14":{"name":"(anonymous_14)","decl":{"start":{"line":104,"column":33},"end":{"line":104,"column":34}},"loc":{"start":{"line":104,"column":34},"end":{"line":104,"column":62}},"line":104},"15":{"name":"(anonymous_15)","decl":{"start":{"line":108,"column":33},"end":{"line":108,"column":34}},"loc":{"start":{"line":108,"column":34},"end":{"line":108,"column":77}},"line":108},"16":{"name":"(anonymous_16)","decl":{"start":{"line":123,"column":15},"end":{"line":123,"column":21}},"loc":{"start":{"line":123,"column":21},"end":{"line":125,"column":null}},"line":123},"17":{"name":"(anonymous_17)","decl":{"start":{"line":133,"column":26},"end":{"line":133,"column":27}},"loc":{"start":{"line":134,"column":20},"end":{"line":145,"column":null}},"line":134},"18":{"name":"(anonymous_18)","decl":{"start":{"line":136,"column":37},"end":{"line":136,"column":38}},"loc":{"start":{"line":136,"column":44},"end":{"line":139,"column":null}},"line":136}},"branchMap":{"0":{"loc":{"start":{"line":17,"column":8},"end":{"line":17,"column":null}},"type":"if","locations":[{"start":{"line":17,"column":8},"end":{"line":17,"column":null}},{"start":{},"end":{}}],"line":17},"1":{"loc":{"start":{"line":20,"column":19},"end":{"line":20,"column":null}},"type":"binary-expr","locations":[{"start":{"line":20,"column":19},"end":{"line":20,"column":64}},{"start":{"line":20,"column":64},"end":{"line":20,"column":null}}],"line":20},"2":{"loc":{"start":{"line":25,"column":8},"end":{"line":25,"column":null}},"type":"if","locations":[{"start":{"line":25,"column":8},"end":{"line":25,"column":null}},{"start":{},"end":{}}],"line":25},"3":{"loc":{"start":{"line":31,"column":16},"end":{"line":31,"column":null}},"type":"if","locations":[{"start":{"line":31,"column":16},"end":{"line":31,"column":null}},{"start":{},"end":{}}],"line":31},"4":{"loc":{"start":{"line":34,"column":16},"end":{"line":34,"column":null}},"type":"if","locations":[{"start":{"line":34,"column":16},"end":{"line":34,"column":null}},{"start":{},"end":{}}],"line":34},"5":{"loc":{"start":{"line":34,"column":20},"end":{"line":34,"column":61}},"type":"binary-expr","locations":[{"start":{"line":34,"column":20},"end":{"line":34,"column":29}},{"start":{"line":34,"column":29},"end":{"line":34,"column":61}}],"line":34},"6":{"loc":{"start":{"line":48,"column":8},"end":{"line":68,"column":null}},"type":"if","locations":[{"start":{"line":48,"column":8},"end":{"line":68,"column":null}},{"start":{},"end":{}}],"line":48},"7":{"loc":{"start":{"line":48,"column":12},"end":{"line":48,"column":43}},"type":"binary-expr","locations":[{"start":{"line":48,"column":12},"end":{"line":48,"column":37}},{"start":{"line":48,"column":37},"end":{"line":48,"column":43}}],"line":48},"8":{"loc":{"start":{"line":53,"column":12},"end":{"line":64,"column":null}},"type":"if","locations":[{"start":{"line":53,"column":12},"end":{"line":64,"column":null}},{"start":{},"end":{}}],"line":53},"9":{"loc":{"start":{"line":56,"column":16},"end":{"line":63,"column":null}},"type":"if","locations":[{"start":{"line":56,"column":16},"end":{"line":63,"column":null}},{"start":{},"end":{}}],"line":56},"10":{"loc":{"start":{"line":56,"column":20},"end":{"line":56,"column":60}},"type":"binary-expr","locations":[{"start":{"line":56,"column":20},"end":{"line":56,"column":28}},{"start":{"line":56,"column":28},"end":{"line":56,"column":60}}],"line":56},"11":{"loc":{"start":{"line":59,"column":20},"end":{"line":62,"column":null}},"type":"if","locations":[{"start":{"line":59,"column":20},"end":{"line":62,"column":null}},{"start":{},"end":{}}],"line":59},"12":{"loc":{"start":{"line":76,"column":8},"end":{"line":76,"column":null}},"type":"if","locations":[{"start":{"line":76,"column":8},"end":{"line":76,"column":null}},{"start":{},"end":{}}],"line":76},"13":{"loc":{"start":{"line":92,"column":8},"end":{"line":94,"column":null}},"type":"if","locations":[{"start":{"line":92,"column":8},"end":{"line":94,"column":null}},{"start":{},"end":{}}],"line":92},"14":{"loc":{"start":{"line":99,"column":12},"end":{"line":99,"column":null}},"type":"if","locations":[{"start":{"line":99,"column":12},"end":{"line":99,"column":null}},{"start":{},"end":{}}],"line":99},"15":{"loc":{"start":{"line":101,"column":12},"end":{"line":119,"column":null}},"type":"if","locations":[{"start":{"line":101,"column":12},"end":{"line":119,"column":null}},{"start":{"line":105,"column":12},"end":{"line":119,"column":null}}],"line":101},"16":{"loc":{"start":{"line":105,"column":12},"end":{"line":119,"column":null}},"type":"if","locations":[{"start":{"line":105,"column":12},"end":{"line":119,"column":null}},{"start":{"line":109,"column":12},"end":{"line":119,"column":null}}],"line":105},"17":{"loc":{"start":{"line":109,"column":12},"end":{"line":119,"column":null}},"type":"if","locations":[{"start":{"line":109,"column":12},"end":{"line":119,"column":null}},{"start":{"line":115,"column":12},"end":{"line":119,"column":null}}],"line":109},"18":{"loc":{"start":{"line":112,"column":16},"end":{"line":114,"column":null}},"type":"if","locations":[{"start":{"line":112,"column":16},"end":{"line":114,"column":null}},{"start":{},"end":{}}],"line":112},"19":{"loc":{"start":{"line":115,"column":12},"end":{"line":119,"column":null}},"type":"if","locations":[{"start":{"line":115,"column":12},"end":{"line":119,"column":null}},{"start":{},"end":{}}],"line":115},"20":{"loc":{"start":{"line":130,"column":13},"end":{"line":146,"column":null}},"type":"cond-expr","locations":[{"start":{"line":131,"column":16},"end":{"line":131,"column":null}},{"start":{"line":133,"column":16},"end":{"line":146,"column":null}}],"line":130},"21":{"loc":{"start":{"line":140,"column":35},"end":{"line":140,"column":null}},"type":"cond-expr","locations":[{"start":{"line":140,"column":61},"end":{"line":140,"column":74}},{"start":{"line":140,"column":74},"end":{"line":140,"column":null}}],"line":140},"22":{"loc":{"start":{"line":141,"column":31},"end":{"line":141,"column":null}},"type":"cond-expr","locations":[{"start":{"line":141,"column":57},"end":{"line":141,"column":203}},{"start":{"line":141,"column":203},"end":{"line":141,"column":null}}],"line":141}},"s":{"0":1,"1":4,"2":4,"3":4,"4":4,"5":4,"6":4,"7":4,"8":2,"9":2,"10":0,"11":0,"12":0,"13":0,"14":0,"15":4,"16":2,"17":0,"18":2,"19":0,"20":0,"21":0,"22":0,"23":0,"24":0,"25":0,"26":0,"27":0,"28":2,"29":2,"30":2,"31":2,"32":4,"33":2,"34":2,"35":2,"36":2,"37":2,"38":2,"39":2,"40":2,"41":2,"42":2,"43":0,"44":0,"45":2,"46":2,"47":4,"48":2,"49":4,"50":0,"51":0,"52":0,"53":0,"54":0,"55":0,"56":0,"57":0,"58":0,"59":0,"60":0,"61":0,"62":4,"63":2,"64":0,"65":0,"66":0,"67":0,"68":0,"69":0,"70":0,"71":0,"72":0,"73":0,"74":0,"75":0,"76":0,"77":0,"78":0,"79":0,"80":0,"81":0,"82":0,"83":0,"84":0,"85":2,"86":2,"87":2,"88":4,"89":40,"90":0,"91":0},"f":{"0":4,"1":2,"2":0,"3":0,"4":0,"5":2,"6":0,"7":2,"8":2,"9":2,"10":0,"11":0,"12":2,"13":0,"14":0,"15":0,"16":2,"17":40,"18":0},"b":{"0":[2,0],"1":[0,0],"2":[0,2],"3":[0,0],"4":[0,0],"5":[0,0],"6":[2,0],"7":[2,2],"8":[2,0],"9":[2,0],"10":[2,2],"11":[0,2],"12":[0,0],"13":[0,0],"14":[0,0],"15":[0,0],"16":[0,0],"17":[0,0],"18":[0,0],"19":[0,0],"20":[0,4],"21":[4,36],"22":[4,36]},"meta":{"lastBranch":23,"lastFunction":19,"lastStatement":92,"seen":{"s:8:27:150:Infinity":0,"f:8:27:8:33":0,"s:9:10:9:Infinity":1,"s:10:28:10:Infinity":2,"s:11:10:11:Infinity":3,"s:12:29:12:Infinity":4,"s:13:28:13:Infinity":5,"s:14:42:14:Infinity":6,"s:16:10:22:Infinity":7,"f:16:26:16:32":1,"b:17:8:17:Infinity:undefined:undefined:undefined:undefined":0,"s:17:8:17:Infinity":8,"s:17:21:17:Infinity":9,"s:18:18:18:Infinity":10,"s:19:8:21:Infinity":11,"f:19:29:19:37":2,"s:20:12:20:Infinity":12,"b:20:19:20:64:20:64:20:Infinity":1,"f:20:35:20:43":3,"s:20:43:20:59":13,"f:20:79:20:86":4,"s:20:86:20:101":14,"s:24:4:45:Infinity":15,"f:24:14:24:20":5,"b:25:8:25:Infinity:undefined:undefined:undefined:undefined":2,"s:25:8:25:Infinity":16,"s:25:26:25:Infinity":17,"s:26:25:38:Infinity":18,"f:29:24:29:25":6,"s:30:38:30:Infinity":19,"b:31:16:31:Infinity:undefined:undefined:undefined:undefined":3,"s:31:16:31:Infinity":20,"s:31:38:31:Infinity":21,"s:32:30:32:Infinity":22,"s:33:29:33:Infinity":23,"b:34:16:34:Infinity:undefined:undefined:undefined:undefined":4,"s:34:16:34:Infinity":24,"b:34:20:34:29:34:29:34:61":5,"s:34:61:34:Infinity":25,"s:35:32:35:Infinity":26,"s:36:16:36:Infinity":27,"s:39:8:39:Infinity":28,"s:41:8:44:Infinity":29,"f:41:15:41:21":7,"s:42:12:42:Infinity":30,"s:43:12:43:Infinity":31,"s:47:4:69:Infinity":32,"f:47:14:47:20":8,"b:48:8:68:Infinity:undefined:undefined:undefined:undefined":6,"s:48:8:68:Infinity":33,"b:48:12:48:37:48:37:48:43":7,"s:49:12:49:Infinity":34,"s:52:34:52:Infinity":35,"b:53:12:64:Infinity:undefined:undefined:undefined:undefined":8,"s:53:12:64:Infinity":36,"s:54:30:54:Infinity":37,"s:55:29:55:Infinity":38,"b:56:16:63:Infinity:undefined:undefined:undefined:undefined":9,"s:56:16:63:Infinity":39,"b:56:20:56:28:56:28:56:60":10,"s:57:36:57:Infinity":40,"s:58:34:58:Infinity":41,"b:59:20:62:Infinity:undefined:undefined:undefined:undefined":11,"s:59:20:62:Infinity":42,"s:60:24:60:Infinity":43,"s:61:24:61:Infinity":44,"s:66:12:66:Infinity":45,"s:67:12:67:Infinity":46,"s:71:4:73:Infinity":47,"f:71:14:71:20":9,"s:72:8:72:Infinity":48,"s:75:25:95:Infinity":49,"f:75:25:75:26":10,"b:76:8:76:Infinity:undefined:undefined:undefined:undefined":12,"s:76:8:76:Infinity":50,"s:76:21:76:Infinity":51,"s:77:8:91:Infinity":52,"f:77:27:77:28":11,"s:78:22:78:Infinity":53,"s:79:40:79:Infinity":54,"s:81:24:81:Infinity":55,"s:84:21:84:Infinity":56,"s:87:12:87:Infinity":57,"s:88:12:88:Infinity":58,"s:90:12:90:Infinity":59,"b:92:8:94:Infinity:undefined:undefined:undefined:undefined":13,"s:92:8:94:Infinity":60,"s:93:12:93:Infinity":61,"s:97:4:126:Infinity":62,"f:97:14:97:20":12,"s:98:30:120:Infinity":63,"f:98:30:98:31":13,"b:99:12:99:Infinity:undefined:undefined:undefined:undefined":14,"s:99:12:99:Infinity":64,"s:99:72:99:Infinity":65,"b:101:12:119:Infinity:105:12:119:Infinity":15,"s:101:12:119:Infinity":66,"s:102:16:102:Infinity":67,"s:103:16:103:Infinity":68,"s:104:16:104:Infinity":69,"f:104:33:104:34":14,"s:104:34:104:62":70,"b:105:12:119:Infinity:109:12:119:Infinity":16,"s:105:12:119:Infinity":71,"s:106:16:106:Infinity":72,"s:107:16:107:Infinity":73,"s:108:16:108:Infinity":74,"f:108:33:108:34":15,"s:108:34:108:77":75,"b:109:12:119:Infinity:115:12:119:Infinity":17,"s:109:12:119:Infinity":76,"s:110:16:110:Infinity":77,"s:111:16:111:Infinity":78,"b:112:16:114:Infinity:undefined:undefined:undefined:undefined":18,"s:112:16:114:Infinity":79,"s:113:20:113:Infinity":80,"b:115:12:119:Infinity:undefined:undefined:undefined:undefined":19,"s:115:12:119:Infinity":81,"s:116:16:116:Infinity":82,"s:117:16:117:Infinity":83,"s:118:16:118:Infinity":84,"s:122:8:122:Infinity":85,"s:123:8:125:Infinity":86,"f:123:15:123:21":16,"s:124:12:124:Infinity":87,"s:128:4:148:Infinity":88,"b:131:16:131:Infinity:133:16:146:Infinity":20,"f:133:26:133:27":17,"s:134:20:145:Infinity":89,"f:136:37:136:38":18,"s:137:28:137:Infinity":90,"s:138:28:138:Infinity":91,"b:140:61:140:74:140:74:140:Infinity":21,"b:141:57:141:203:141:203:141:Infinity":22}}}
,"/Users/raytiong/projects/glade/src/components/ErrorModal.css": {"path":"/Users/raytiong/projects/glade/src/components/ErrorModal.css","statementMap":{},"fnMap":{},"branchMap":{},"s":{},"f":{},"b":{},"meta":{"lastBranch":0,"lastFunction":0,"lastStatement":0,"seen":{}}}
[...]
column":8},"end":{"line":101,"column":null}},"46":{"start":{"line":96,"column":10},"end":{"line":96,"column":null}},"47":{"start":{"line":97,"column":10},"end":{"line":97,"column":null}},"48":{"start":{"line":98,"column":10},"end":{"line":98,"column":null}},"49":{"start":{"line":100,"column":10},"end":{"line":100,"column":null}},"50":{"start":{"line":104,"column":4},"end":{"line":104,"column":null}},"51":{"start":{"line":105,"column":4},"end":{"line":105,"column":null}},"52":{"start":{"line":109,"column":62},"end":{"line":109,"column":null}},"53":{"start":{"line":112,"column":4},"end":{"line":134,"column":null}},"54":{"start":{"line":113,"column":6},"end":{"line":113,"column":null}},"55":{"start":{"line":113,"column":58},"end":{"line":113,"column":null}},"56":{"start":{"line":114,"column":6},"end":{"line":114,"column":null}},"57":{"start":{"line":114,"column":36},"end":{"line":114,"column":null}},"58":{"start":{"line":116,"column":29},"end":{"line":116,"column":null}},"59":{"start":{"line":117,"column":6},"end":{"line":117,"column":null}},"60":{"start":{"line":117,"column":37},"end":{"line":117,"column":null}},"61":{"start":{"line":120,"column":20},"end":{"line":120,"column":null}},"62":{"start":{"line":122,"column":6},"end":{"line":133,"column":null}},"63":{"start":{"line":124,"column":27},"end":{"line":124,"column":null}},"64":{"start":{"line":125,"column":27},"end":{"line":125,"column":null}},"65":{"start":{"line":126,"column":8},"end":{"line":132,"column":null}},"66":{"start":{"line":129,"column":10},"end":{"line":131,"column":null}},"67":{"start":{"line":129,"column":34},"end":{"line":129,"column":60}},"68":{"start":{"line":130,"column":12},"end":{"line":130,"column":null}},"69":{"start":{"line":135,"column":4},"end":{"line":135,"column":null}},"70":{"start":{"line":139,"column":30},"end":{"line":139,"column":null}},"71":{"start":{"line":140,"column":18},"end":{"line":140,"column":null}},"72":{"start":{"line":142,"column":4},"end":{"line":199,"column":null}},"73":{"start":{"line":143,"column":27},"end":{"line":143,"column":null}},"74":{"start":{"line":144,"column":20},"end":{"line":144,"column":null}},"75":{"start":{"line":145,"column":28},"end":{"line":145,"column":null}},"76":{"start":{"line":147,"column":33},"end":{"line":147,"column":null}},"77":{"start":{"line":150,"column":38},"end":{"line":150,"column":null}},"78":{"start":{"line":151,"column":6},"end":{"line":188,"column":null}},"79":{"start":{"line":152,"column":9},"end":{"line":184,"column":null}},"80":{"start":{"line":153,"column":12},"end":{"line":153,"column":null}},"81":{"start":{"line":155,"column":24},"end":{"line":155,"column":null}},"82":{"start":{"line":156,"column":31},"end":{"line":156,"column":null}},"83":{"start":{"line":158,"column":34},"end":{"line":172,"column":null}},"84":{"start":{"line":159,"column":28},"end":{"line":159,"column":null}},"85":{"start":{"line":160,"column":28},"end":{"line":160,"column":null}},"86":{"start":{"line":161,"column":39},"end":{"line":161,"column":null}},"87":{"start":{"line":162,"column":14},"end":{"line":170,"column":null}},"88":{"start":{"line":163,"column":16},"end":{"line":163,"column":null}},"89":{"start":{"line":163,"column":49},"end":{"line":163,"column":null}},"90":{"start":{"line":164,"column":16},"end":{"line":169,"column":null}},"91":{"start":{"line":165,"column":18},"end":{"line":166,"column":null}},"92":{"start":{"line":165,"column":79},"end":{"line":165,"column":null}},"93":{"start":{"line":166,"column":23},"end":{"line":166,"column":null}},"94":{"start":{"line":168,"column":18},"end":{"line":168,"column":null}},"95":{"start":{"line":171,"column":14},"end":{"line":171,"column":null}},"96":{"start":{"line":174,"column":33},"end":{"line":174,"column":null}},"97":{"start":{"line":177,"column":26},"end":{"line":177,"column":null}},"98":{"start":{"line":177,"column":50},"end":{"line":177,"column":98}},"99":{"start":{"line":178,"column":12},"end":{"line":183,"column":null}},"100":{"start":{"line":179,"column":15},"end":{"line":179,"column":null}},"101":{"start":{"line":182,"column":15},"end":{"line":182,"column":null}},"102":{"start":{"line":187,"column":9},"end":{"line":187,"column":null}},"103":{"start":{"line":190,"column":6},"end":{"line":198,"column":null}},"104":{"start":{"line":200,"column":4},"end":{"line":200,"column":null}},"105":{"start":{"line":204,"column":4},"end":{"line":204,"column":null}},"106":{"start":{"line":209,"column":29},"end":{"line":209,"column":null}}},"fnMap":{"0":{"name":"(anonymous_0)","decl":{"start":{"line":23,"column":9},"end":{"line":23,"column":19}},"loc":{"start":{"line":23,"column":41},"end":{"line":26,"column":null}},"line":23},"1":{"name":"(anonymous_1)","decl":{"start":{"line":25,"column":11},"end":{"line":25,"column":17}},"loc":{"start":{"line":25,"column":17},"end":{"line":25,"column":null}},"line":25},"2":{"name":"(anonymous_2)","decl":{"start":{"line":28,"column":10},"end":{"line":28,"column":17}},"loc":{"start":{"line":28,"column":17},"end":{"line":30,"column":null}},"line":28},"3":{"name":"(anonymous_3)","decl":{"start":{"line":29,"column":27},"end":{"line":29,"column":32}},"loc":{"start":{"line":29,"column":32},"end":{"line":29,"column":35}},"line":29},"4":{"name":"(anonymous_4)","decl":{"start":{"line":32,"column":9},"end":{"line":32,"column":18}},"loc":{"start":{"line":32,"column":37},"end":{"line":35,"column":null}},"line":32},"5":{"name":"(anonymous_5)","decl":{"start":{"line":37,"column":9},"end":{"line":37,"column":32}},"loc":{"start":{"line":37,"column":32},"end":{"line":39,"column":null}},"line":37},"6":{"name":"(anonymous_6)","decl":{"start":{"line":42,"column":15},"end":{"line":42,"column":26}},"loc":{"start":{"line":42,"column":45},"end":{"line":55,"column":null}},"line":42},"7":{"name":"(anonymous_7)","decl":{"start":{"line":44,"column":34},"end":{"line":44,"column":39}},"loc":{"start":{"line":44,"column":39},"end":{"line":44,"column":79}},"line":44},"8":{"name":"(anonymous_8)","decl":{"start":{"line":44,"column":85},"end":{"line":44,"column":91}},"loc":{"start":{"line":44,"column":96},"end":{"line":52,"column":5}},"line":44},"9":{"name":"(anonymous_9)","decl":{"start":{"line":57,"column":15},"end":{"line":57,"column":26}},"loc":{"start":{"line":57,"column":57},"end":{"line":61,"column":null}},"line":57},"10":{"name":"(anonymous_10)","decl":{"start":{"line":63,"column":9},"end":{"line":63,"column":22}},"loc":{"start":{"line":63,"column":54},"end":{"line":74,"column":null}},"line":63},"11":{"name":"(anonymous_11)","decl":{"start":{"line":76,"column":15},"end":{"line":76,"column":28}},"loc":{"start":{"line":76,"column":81},"end":{"line":106,"column":null}},"line":76},"12":{"name":"(anonymous_12)","decl":{"start":{"line":84,"column":41},"end":{"line":84,"column":46}},"loc":{"start":{"line":84,"column":46},"end":{"line":84,"column":70}},"line":84},"13":{"name":"(anonymous_13)","decl":{"start":{"line":89,"column":51},"end":{"line":89,"column":52}},"loc":{"start":{"line":89,"column":61},"end":{"line":89,"column":94}},"line":89},"14":{"name":"(anonymous_14)","decl":{"start":{"line":108,"column":9},"end":{"line":108,"column":29}},"loc":{"start":{"line":108,"column":107},"end":{"line":136,"column":null}},"line":108},"15":{"name":"(anonymous_15)","decl":{"start":{"line":129,"column":29},"end":{"line":129,"column":34}},"loc":{"start":{"line":129,"column":34},"end":{"line":129,"column":60}},"line":129},"16":{"name":"(anonymous_16)","decl":{"start":{"line":138,"column":10},"end":{"line":138,"column":21}},"loc":{"start":{"line":138,"column":70},"end":{"line":201,"column":null}},"line":138},"17":{"name":"(anonymous_17)","decl":{"start":{"line":158,"column":34},"end":{"line":158,"column":35}},"loc":{"start":{"line":158,"column":52},"end":{"line":172,"column":null}},"line":158},"18":{"name":"(anonymous_18)","decl":{"start":{"line":177,"column":45},"end":{"line":177,"column":50}},"loc":{"start":{"line":177,"column":50},"end":{"line":177,"column":98}},"line":177},"19":{"name":"(anonymous_19)","decl":{"start":{"line":203,"column":10},"end":{"line":203,"column":23}},"loc":{"start":{"line":203,"column":39},"end":{"line":205,"column":null}},"line":203}},"branchMap":{"0":{"loc":{"start":{"line":44,"column":39},"end":{"line":44,"column":79}},"type":"binary-expr","locations":[{"start":{"line":44,"column":39},"end":{"line":44,"column":57}},{"start":{"line":44,"column":57},"end":{"line":44,"column":79}}],"line":44},"1":{"loc":{"start":{"line":66,"column":6},"end":{"line":66,"column":null}},"type":"if","locations":[{"start":{"line":66,"column":6},"end":{"line":66,"column":null}},{"start":{},"end":{}}],"line":66},"2":{"loc":{"start":{"line":68,"column":8},"end":{"line":70,"column":null}},"type":"if","locations":[{"start":{"line":68,"column":8},"end":{"line":70,"column":null}},{"start":{},"end":{}}],"line":68},"3":{"loc":{"start":{"line":81,"column":20},"end":{"line":81,"column":null}},"type":"binary-expr","locations":[{"start":{"line":81,"column":20},"end":{"line":81,"column":52}},{"start":{"line":81,"column":52},"end":{"line":81,"column":null}}],"line":81},"4":{"loc":{"start":{"line":85,"column":6},"end":{"line":102,"column":null}},"type":"if","locations":[{"start":{"line":85,"column":6},"end":{"line":102,"column":null}},{"start":{},"end":{}}],"line":85},"5":{"loc":{"start":{"line":86,"column":22},"end":{"line":86,"column":null}},"type":"binary-expr","locations":[{"start":{"line":86,"column":22},"end":{"line":86,"column":56}},{"start":{"line":86,"column":56},"end":{"line":86,"column":null}}],"line":86},"6":{"loc":{"start":{"line":91,"column":64},"end":{"line":91,"column":96}},"type":"cond-expr","locations":[{"start":{"line":91,"column":76},"end":{"line":91,"column":94}},{"start":{"line":91,"column":94},"end":{"line":91,"column":96}}],"line":91},"7":{"loc":{"start":{"line":113,"column":6},"end":{"line":113,"column":null}},"type":"if","locations":[{"start":{"line":113,"column":6},"end":{"line":113,"column":null}},{"start":{},"end":{}}],"line":113},"8":{"loc":{"start":{"line":113,"column":10},"end":{"line":113,"column":58}},"type":"binary-expr","locations":[{"start":{"line":113,"column":10},"end":{"line":113,"column":30}},{"start":{"line":113,"column":30},"end":{"line":113,"column":58}}],"line":113},"9":{"loc":{"start":{"line":114,"column":6},"end":{"line":114,"column":null}},"type":"if","locations":[{"start":{"line":114,"column":6},"end":{"line":114,"column":null}},{"start":{},"end":{}}],"line":114},"10":{"loc":{"start":{"line":117,"column":6},"end":{"line":117,"column":null}},"type":"if","locations":[{"start":{"line":117,"column":6},"end":{"line":117,"column":null}},{"start":{},"end":{}}],"line":117},"11":{"loc":{"start":{"line":126,"column":8},"end":{"line":132,"column":null}},"type":"if","locations":[{"start":{"line":126,"column":8},"end":{"line":132,"column":null}},{"start":{},"end":{}}],"line":126},"12":{"loc":{"start":{"line":129,"column":10},"end":{"line":131,"column":null}},"type":"if","locations":[{"start":{"line":129,"column":10},"end":{"line":131,"column":null}},{"start":{},"end":{}}],"line":129},"13":{"loc":{"start":{"line":151,"column":6},"end":{"line":188,"column":null}},"type":"if","locations":[{"start":{"line":151,"column":6},"end":{"line":188,"column":null}},{"start":{"line":185,"column":13},"end":{"line":188,"column":null}}],"line":151},"14":{"loc":{"start":{"line":152,"column":9},"end":{"line":184,"column":null}},"type":"if","locations":[{"start":{"line":152,"column":9},"end":{"line":184,"column":null}},{"start":{"line":154,"column":16},"end":{"line":184,"column":null}}],"line":152},"15":{"loc":{"start":{"line":152,"column":13},"end":{"line":152,"column":115}},"type":"binary-expr","locations":[{"start":{"line":152,"column":13},"end":{"line":152,"column":46}},{"start":{"line":152,"column":46},"end":{"line":152,"column":80}},{"start":{"line":152,"column":80},"end":{"line":152,"column":115}}],"line":152},"16":{"loc":{"start":{"line":156,"column":31},"end":{"line":156,"column":null}},"type":"binary-expr","locations":[{"start":{"line":156,"column":31},"end":{"line":156,"column":61}},{"start":{"line":156,"column":61},"end":{"line":156,"column":null}}],"line":156},"17":{"loc":{"start":{"line":163,"column":16},"end":{"line":163,"column":null}},"type":"if","locations":[{"start":{"line":163,"column":16},"end":{"line":163,"column":null}},{"start":{},"end":{}}],"line":163},"18":{"loc":{"start":{"line":163,"column":20},"end":{"line":163,"column":49}},"type":"binary-expr","locations":[{"start":{"line":163,"column":20},"end":{"line":163,"column":36}},{"start":{"line":163,"column":36},"end":{"line":163,"column":49}}],"line":163},"19":{"loc":{"start":{"line":164,"column":16},"end":{"line":169,"column":null}},"type":"if","locations":[{"start":{"line":164,"column":16},"end":{"line":169,"column":null}},{"start":{"line":167,"column":23},"end":{"line":169,"column":null}}],"line":164},"20":{"loc":{"start":{"line":165,"column":18},"end":{"line":166,"column":null}},"type":"if","locations":[{"start":{"line":165,"column":18},"end":{"line":166,"column":null}},{"start":{"line":166,"column":23},"end":{"line":166,"column":null}}],"line":165},"21":{"loc":{"start":{"line":165,"column":22},"end":{"line":165,"column":79}},"type":"binary-expr","locations":[{"start":{"line":165,"column":22},"end":{"line":165,"column":43}},{"start":{"line":165,"column":43},"end":{"line":165,"column":79}}],"line":165},"22":{"loc":{"start":{"line":171,"column":22},"end":{"line":171,"column":42}},"type":"cond-expr","locations":[{"start":{"line":171,"column":30},"end":{"line":171,"column":36}},{"start":{"line":171,"column":36},"end":{"line":171,"column":42}}],"line":171},"23":{"loc":{"start":{"line":174,"column":33},"end":{"line":174,"column":null}},"type":"cond-expr","locations":[{"start":{"line":174,"column":46},"end":{"line":174,"column":59}},{"start":{"line":174,"column":59},"end":{"line":174,"column":null}}],"line":174},"24":{"loc":{"start":{"line":177,"column":50},"end":{"line":177,"column":98}},"type":"binary-expr","locations":[{"start":{"line":177,"column":50},"end":{"line":177,"column":77}},{"start":{"line":177,"column":77},"end":{"line":177,"column":98}}],"line":177},"25":{"loc":{"start":{"line":178,"column":12},"end":{"line":183,"column":null}},"type":"if","locations":[{"start":{"line":178,"column":12},"end":{"line":183,"column":null}},{"start":{"line":180,"column":19},"end":{"line":183,"column":null}}],"line":178}},"s":{"0":1,"1":1,"2":1,"3":1,"4":2,"5":2,"6":2,"7":0,"8":0,"9":0,"10":0,"11":2,"12":0,"13":0,"14":0,"15":0,"16":0,"17":0,"18":0,"19":0,"20":0,"21":0,"22":0,"23":0,"24":0,"25":0,"26":0,"27":0,"28":0,"29":0,"30":0,"31":0,"32":0,"33":0,"34":0,"35":0,"36":0,"37":0,"38":0,"39":0,"40":0,"41":0,"42":0,"43":0,"44":0,"45":0,"46":0,"47":0,"48":0,"49":0,"50":0,"51":0,"52":0,"53":0,"54":0,"55":0,"56":0,"57":0,"58":0,"59":0,"60":0,"61":0,"62":0,"63":0,"64":0,"65":0,"66":0,"67":0,"68":0,"69":0,"70":0,"71":0,"72":0,"73":0,"74":0,"75":0,"76":0,"77":0,"78":0,"79":0,"80":0,"81":0,"82":0,"83":0,"84":0,"85":0,"86":0,"87":0,"88":0,"89":0,"90":0,"91":0,"92":0,"93":0,"94":0,"95":0,"96":0,"97":0,"98":0,"99":0,"100":0,"101":0,"102":0,"103":0,"104":0,"105":0,"106":1},"f":{"0":2,"1":2,"2":0,"3":0,"4":0,"5":2,"6":0,"7":0,"8":0,"9":0,"10":0,"11":0,"12":0,"13":0,"14":0,"15":0,"16":0,"17":0,"18":0,"19":0},"b":{"0":[0,0],"1":[0,0],"2":[0,0],"3":[0,0],"4":[0,0],"5":[0,0],"6":[0,0],"7":[0,0],"8":[0,0],"9":[0,0],"10":[0,0],"11":[0,0],"12":[0,0],"13":[0,0],"14":[0,0],"15":[0,0,0],"16":[0,0],"17":[0,0],"18":[0,0],"19":[0,0],"20":[0,0],"21":[0,0],"22":[0,0],"23":[0,0],"24":[0,0],"25":[0,0]},"meta":{"lastBranch":26,"lastFunction":20,"lastStatement":107,"seen":{"s:17:43:17:Infinity":0,"s:18:48:18:Infinity":1,"s:19:33:19:Infinity":2,"s:21:37:21:Infinity":3,"f:23:9:23:19":0,"s:24:4:24:Infinity":4,"s:25:4:25:Infinity":5,"f:25:11:25:17":1,"s:25:19:25:52":6,"f:28:10:28:17":2,"s:29:4:29:Infinity":7,"f:29:27:29:32":3,"s:29:32:29:35":8,"f:32:9:32:18":4,"s:33:4:33:Infinity":9,"s:34:4:34:Infinity":10,"f:37:9:37:32":5,"s:38:4:38:Infinity":11,"f:42:15:42:26":6,"s:43:4:43:Infinity":12,"s:44:21:52:Infinity":13,"f:44:34:44:39":7,"s:44:39:44:79":14,"b:44:39:44:57:44:57:44:79":0,"f:44:85:44:91":8,"s:45:6:51:Infinity":15,"s:46:24:46:Infinity":16,"s:47:8:47:Infinity":17,"s:48:8:48:Infinity":18,"s:50:8:50:Infinity":19,"s:53:4:53:Infinity":20,"s:54:4:54:Infinity":21,"f:57:15:57:26":9,"s:58:4:58:Infinity":22,"s:59:4:59:Infinity":23,"s:60:4:60:Infinity":24,"f:63:9:63:22":10,"s:64:34:64:Infinity":25,"s:65:4:72:Infinity":26,"b:66:6:66:Infinity:undefined:undefined:undefined:undefined":1,"s:66:6:66:Infinity":27,"s:66:37:66:Infinity":28,"s:67:6:71:Infinity":29,"b:68:8:70:Infinity:undefined:undefined:undefined:undefined":2,"s:68:8:70:Infinity":30,"s:69:10:69:Infinity":31,"s:73:4:73:Infinity":32,"f:76:15:76:28":11,"s:77:35:77:Infinity":33,"s:81:20:81:Infinity":34,"b:81:20:81:52:81:52:81:Infinity":3,"s:83:4:103:Infinity":35,"s:84:28:84:Infinity":36,"f:84:41:84:46":12,"s:84:46:84:70":37,"b:85:6:102:Infinity:undefined:undefined:undefined:undefined":4,"s:85:6:102:Infinity":38,"s:86:22:86:Infinity":39,"b:86:22:86:56:86:56:86:Infinity":5,"s:89:8:93:Infinity":40,"f:89:51:89:52":13,"s:89:61:89:94":41,"s:90:32:90:Infinity":42,"s:91:29:91:Infinity":43,"b:91:76:91:94:91:94:91:96":6,"s:92:10:92:Infinity":44,"s:95:8:101:Infinity":45,"s:96:10:96:Infinity":46,"s:97:10:97:Infinity":47,"s:98:10:98:Infinity":48,"s:100:10:100:Infinity":49,"s:104:4:104:Infinity":50,"s:105:4:105:Infinity":51,"f:108:9:108:29":14,"s:109:62:109:Infinity":52,"s:112:4:134:Infinity":53,"b:113:6:113:Infinity:undefined:undefined:undefined:undefined":7,"s:113:6:113:Infinity":54,"b:113:10:113:30:113:30:113:58":8,"s:113:58:113:Infinity":55,"b:114:6:114:Infinity:undefined:undefined:undefined:undefined":9,"s:114:6:114:Infinity":56,"s:114:36:114:Infinity":57,"s:116:29:116:Infinity":58,"b:117:6:117:Infinity:undefined:undefined:undefined:undefined":10,"s:117:6:117:Infinity":59,"s:117:37:117:Infinity":60,"s:120:20:120:Infinity":61,"s:122:6:133:Infinity":62,"s:124:27:124:Infinity":63,"s:125:27:125:Infinity":64,"b:126:8:132:Infinity:undefined:undefined:undefined:undefined":11,"s:126:8:132:Infinity":65,"b:129:10:131:Infinity:undefined:undefined:undefined:undefined":12,"s:129:10:131:Infinity":66,"f:129:29:129:34":15,"s:129:34:129:60":67,"s:130:12:130:Infinity":68,"s:135:4:135:Infinity":69,"f:138:10:138:21":16,"s:139:30:139:Infinity":70,"s:140:18:140:Infinity":71,"s:142:4:199:Infinity":72,"s:143:27:143:Infinity":73,"s:144:20:144:Infinity":74,"s:145:28:145:Infinity":75,"s:147:33:147:Infinity":76,"s:150:38:150:Infinity":77,"b:151:6:188:Infinity:185:13:188:Infinity":13,"s:151:6:188:Infinity":78,"b:152:9:184:Infinity:154:16:184:Infinity":14,"s:152:9:184:Infinity":79,"b:152:13:152:46:152:46:152:80:152:80:152:115":15,"s:153:12:153:Infinity":80,"s:155:24:155:Infinity":81,"s:156:31:156:Infinity":82,"b:156:31:156:61:156:61:156:Infinity":16,"s:158:34:172:Infinity":83,"f:158:34:158:35":17,"s:159:28:159:Infinity":84,"s:160:28:160:Infinity":85,"s:161:39:161:Infinity":86,"s:162:14:170:Infinity":87,"b:163:16:163:Infinity:undefined:undefined:undefined:undefined":17,"s:163:16:163:Infinity":88,"b:163:20:163:36:163:36:163:49":18,"s:163:49:163:Infinity":89,"b:164:16:169:Infinity:167:23:169:Infinity":19,"s:164:16:169:Infinity":90,"b:165:18:166:Infinity:166:23:166:Infinity":20,"s:165:18:166:Infinity":91,"b:165:22:165:43:165:43:165:79":21,"s:165:79:165:Infinity":92,"s:166:23:166:Infinity":93,"s:168:18:168:Infinity":94,"s:171:14:171:Infinity":95,"b:171:30:171:36:171:36:171:42":22,"s:174:33:174:Infinity":96,"b:174:46:174:59:174:59:174:Infinity":23,"s:177:26:177:Infinity":97,"f:177:45:177:50":18,"s:177:50:177:98":98,"b:177:50:177:77:177:77:177:98":24,"b:178:12:183:Infinity:180:19:183:Infinity":25,"s:178:12:183:Infinity":99,"s:179:15:179:Infinity":100,"s:182:15:182:Infinity":101,"s:187:9:187:Infinity":102,"s:190:6:198:Infinity":103,"s:200:4:200:Infinity":104,"f:203:10:203:23":19,"s:204:4:204:Infinity":105,"s:209:29:209:Infinity":106}}}
}
